{"logTime": "0422/114220", "correlationVector":"wpRsI04yrAIRcDCEtSuS7t.53","action":"GetUpdates", "result":"DeleteReceived", "context":{"id":"86966ec1-fb01-4c96-a812-adef9a4cbc4e", "isDeleted:":"true", "version":"1709440719272"}}
{"logTime": "0422/114220", "correlationVector":"wpRsI04yrAIRcDCEtSuS7t.54","action":"GetUpdates", "result":"DeleteReceived", "context":{"id":"2fab23f4-f221-4acc-acf8-418bd4f5e0b3", "isDeleted:":"true", "version":"1709440719275"}}
{"logTime": "0422/114220", "correlationVector":"wpRsI04yrAIRcDCEtSuS7t.55","action":"GetUpdates", "result":"DeleteReceived", "context":{"id":"3cedf3bc-af9d-4e91-b82c-f64c2bacc6b4", "isDeleted:":"true", "version":"1709441138199"}}
{"logTime": "0422/114220", "correlationVector":"wpRsI04yrAIRcDCEtSuS7t.56","action":"GetUpdates", "result":"DeleteReceived", "context":{"id":"96c81b4c-9e56-4a5c-9a01-867dfeeb3b79", "isDeleted:":"true", "version":"1709442506207"}}
{"logTime": "0422/114220", "correlationVector":"wpRsI04yrAIRcDCEtSuS7t.57","action":"GetUpdates", "result":"DeleteReceived", "context":{"id":"cc252732-6042-4cf3-9fbc-7278dd3c3bae", "isDeleted:":"true", "version":"1709442506209"}}
{"logTime": "0422/114220", "correlationVector":"wpRsI04yrAIRcDCEtSuS7t.58","action":"GetUpdates", "result":"DeleteReceived", "context":{"id":"5e03bae2-e51e-401c-9e34-aaa1e05ddfe6", "isDeleted:":"true", "version":"1709477309180"}}
{"logTime": "0422/114220", "correlationVector":"wpRsI04yrAIRcDCEtSuS7t.59","action":"GetUpdates", "result":"DeleteReceived", "context":{"id":"a5b3ccc5-8a05-4681-84ab-781e1a701f0d", "isDeleted:":"true", "version":"1709477309182"}}
{"logTime": "0422/114220", "correlationVector":"wpRsI04yrAIRcDCEtSuS7t.60","action":"GetUpdates", "result":"DeleteReceived", "context":{"id":"cbff9722-92b4-436f-af18-4b71f2a02799", "isDeleted:":"true", "version":"1709477309184"}}
{"logTime": "0422/114220", "correlationVector":"wpRsI04yrAIRcDCEtSuS7t.61","action":"GetUpdates", "result":"DeleteReceived", "context":{"id":"0bada37e-d8d0-4c7c-8189-f5896793443f", "isDeleted:":"true", "version":"1709477309186"}}
{"logTime": "0422/114220", "correlationVector":"wpRsI04yrAIRcDCEtSuS7t.62","action":"GetUpdates", "result":"DeleteReceived", "context":{"id":"94a3af1e-13f5-4802-b8fd-f99dfbb47eb0", "isDeleted:":"true", "version":"1709621175781"}}
{"logTime": "0422/114220", "correlationVector":"wpRsI04yrAIRcDCEtSuS7t.63","action":"GetUpdates", "result":"DeleteReceived", "context":{"id":"c00d8b9b-110c-4a3b-a250-07d5e0f09300", "isDeleted:":"true", "version":"1709621175784"}}
{"logTime": "0422/114220", "correlationVector":"wpRsI04yrAIRcDCEtSuS7t.64","action":"GetUpdates", "result":"DeleteReceived", "context":{"id":"1abaa6a7-8451-4247-996e-c58214e15fbc", "isDeleted:":"true", "version":"1709723316597"}}
{"logTime": "0422/114220", "correlationVector":"wpRsI04yrAIRcDCEtSuS7t.65","action":"GetUpdates", "result":"DeleteReceived", "context":{"id":"8cfc0b3c-1ccc-48c9-a0d8-46851e1d0ad8", "isDeleted:":"true", "version":"1709723316598"}}
{"logTime": "0422/114220", "correlationVector":"wpRsI04yrAIRcDCEtSuS7t.66","action":"GetUpdates", "result":"DeleteReceived", "context":{"id":"67c0dd98-340f-47c5-a50b-a3fd2c52cf9e", "isDeleted:":"true", "version":"1709723316600"}}
{"logTime": "0422/114220", "correlationVector":"wpRsI04yrAIRcDCEtSuS7t.67","action":"GetUpdates", "result":"DeleteReceived", "context":{"id":"19be2a06-6c31-481f-9e72-ea952b088039", "isDeleted:":"true", "version":"1709723316601"}}
{"logTime": "0422/114220", "correlationVector":"wpRsI04yrAIRcDCEtSuS7t.68","action":"GetUpdates", "result":"DeleteReceived", "context":{"id":"12b3be62-b891-4654-be4e-f1b0f52ef144", "isDeleted:":"true", "version":"1709723514951"}}
{"logTime": "0422/114220", "correlationVector":"wpRsI04yrAIRcDCEtSuS7t.69","action":"GetUpdates", "result":"DeleteReceived", "context":{"id":"18f4007c-a0c6-4385-8b52-e7a7e9eb26cd", "isDeleted:":"true", "version":"1709726410682"}}
{"logTime": "0422/114220", "correlationVector":"wpRsI04yrAIRcDCEtSuS7t.70","action":"GetUpdates", "result":"DeleteReceived", "context":{"id":"7fdcb293-3e4c-420e-928a-0fd3fd0c770e", "isDeleted:":"true", "version":"1709886325427"}}
{"logTime": "0422/114220", "correlationVector":"wpRsI04yrAIRcDCEtSuS7t.71","action":"GetUpdates", "result":"DeleteReceived", "context":{"id":"690d5993-e85b-45f7-8c61-49e955aafd76", "isDeleted:":"true", "version":"1709930924587"}}
{"logTime": "0422/114220", "correlationVector":"wpRsI04yrAIRcDCEtSuS7t.72","action":"GetUpdates", "result":"DeleteReceived", "context":{"id":"886f085e-edca-49b7-a064-6bb552da5d23", "isDeleted:":"true", "version":"1709930924588"}}
{"logTime": "0422/114220", "correlationVector":"wpRsI04yrAIRcDCEtSuS7t.73","action":"GetUpdates", "result":"DeleteReceived", "context":{"id":"75d1e040-e92e-491e-8949-8f3ed9a8aee2", "isDeleted:":"true", "version":"1709930924589"}}
{"logTime": "0422/114220", "correlationVector":"wpRsI04yrAIRcDCEtSuS7t.74","action":"GetUpdates", "result":"DeleteReceived", "context":{"id":"0167c9e4-ca2b-4045-b5d9-dd70947fb173", "isDeleted:":"true", "version":"1709930924591"}}
{"logTime": "0422/114220", "correlationVector":"wpRsI04yrAIRcDCEtSuS7t.75","action":"GetUpdates", "result":"DeleteReceived", "context":{"id":"e65fbca2-87a6-498a-aa79-125c020a7f52", "isDeleted:":"true", "version":"1709930924592"}}
{"logTime": "0422/114220", "correlationVector":"wpRsI04yrAIRcDCEtSuS7t.76","action":"GetUpdates", "result":"DeleteReceived", "context":{"id":"55968027-3dc0-4c43-816e-ed0c7823fd9e", "isDeleted:":"true", "version":"1709931067139"}}
{"logTime": "0422/114220", "correlationVector":"wpRsI04yrAIRcDCEtSuS7t.77","action":"GetUpdates", "result":"DeleteReceived", "context":{"id":"9a889cf3-26fc-44f9-870f-65e845270e6c", "isDeleted:":"true", "version":"1709931497871"}}
{"logTime": "0422/114220", "correlationVector":"wpRsI04yrAIRcDCEtSuS7t.78","action":"GetUpdates", "result":"DeleteReceived", "context":{"id":"811512de-6441-48b3-aaf4-0d1e64713204", "isDeleted:":"true", "version":"1709942214121"}}
{"logTime": "0422/114220", "correlationVector":"wpRsI04yrAIRcDCEtSuS7t.79","action":"GetUpdates", "result":"DeleteReceived", "context":{"id":"842300ff-a40e-4cd6-9f92-988a0c18abe9", "isDeleted:":"true", "version":"1709942214122"}}
{"logTime": "0422/114220", "correlationVector":"wpRsI04yrAIRcDCEtSuS7t.80","action":"GetUpdates", "result":"DeleteReceived", "context":{"id":"a40691e3-8071-4990-b8f7-373a4b8d40ff", "isDeleted:":"true", "version":"1709942214124"}}
{"logTime": "0422/114220", "correlationVector":"wpRsI04yrAIRcDCEtSuS7t.81","action":"GetUpdates", "result":"DeleteReceived", "context":{"id":"77629d9c-c423-4707-9c43-763520ea7468", "isDeleted:":"true", "version":"1709942214125"}}
{"logTime": "0422/114220", "correlationVector":"wpRsI04yrAIRcDCEtSuS7t.82","action":"GetUpdates", "result":"DeleteReceived", "context":{"id":"8273472d-35ad-442c-9810-47bd984b0c4d", "isDeleted:":"true", "version":"1709942214126"}}
{"logTime": "0422/114220", "correlationVector":"wpRsI04yrAIRcDCEtSuS7t.83","action":"GetUpdates", "result":"DeleteReceived", "context":{"id":"a6204560-4788-4b31-bd31-26ba94770036", "isDeleted:":"true", "version":"1709943479326"}}
{"logTime": "0422/114220", "correlationVector":"wpRsI04yrAIRcDCEtSuS7t.84","action":"GetUpdates", "result":"DeleteReceived", "context":{"id":"eeb513d7-76bd-4be4-94a3-9aea6baab534", "isDeleted:":"true", "version":"1709943479328"}}
{"logTime": "0422/114220", "correlationVector":"wpRsI04yrAIRcDCEtSuS7t.85","action":"GetUpdates", "result":"DeleteReceived", "context":{"id":"64525445-8421-4227-9077-a877c2208bf2", "isDeleted:":"true", "version":"1710193876488"}}
{"logTime": "0422/114220", "correlationVector":"wpRsI04yrAIRcDCEtSuS7t.86","action":"GetUpdates", "result":"DeleteReceived", "context":{"id":"6fcd7566-2023-4340-8400-664ba789a384", "isDeleted:":"true", "version":"1710193876489"}}
{"logTime": "0422/114220", "correlationVector":"wpRsI04yrAIRcDCEtSuS7t.87","action":"GetUpdates", "result":"DeleteReceived", "context":{"id":"74d82983-372f-4db8-a3d8-be868e8a7ca8", "isDeleted:":"true", "version":"1710193876491"}}
{"logTime": "0422/114220", "correlationVector":"wpRsI04yrAIRcDCEtSuS7t.88","action":"GetUpdates", "result":"DeleteReceived", "context":{"id":"b0b131b2-b45a-4015-a044-74656db7f537", "isDeleted:":"true", "version":"1710202980044"}}
{"logTime": "0422/114220", "correlationVector":"wpRsI04yrAIRcDCEtSuS7t.89","action":"GetUpdates", "result":"DeleteReceived", "context":{"id":"1121d4f4-8fd3-4d89-890a-f943de11088e", "isDeleted:":"true", "version":"1710275228234"}}
{"logTime": "0422/114220", "correlationVector":"wpRsI04yrAIRcDCEtSuS7t.90","action":"GetUpdates", "result":"DeleteReceived", "context":{"id":"8b8dee03-7b09-4a70-8b60-999be0bd8acf", "isDeleted:":"true", "version":"1710275228235"}}
{"logTime": "0422/114220", "correlationVector":"wpRsI04yrAIRcDCEtSuS7t.91","action":"GetUpdates", "result":"DeleteReceived", "context":{"id":"968bc978-a23b-46c7-8c05-e12e6477320a", "isDeleted:":"true", "version":"1710275228236"}}
{"logTime": "0422/114220", "correlationVector":"wpRsI04yrAIRcDCEtSuS7t.92","action":"GetUpdates", "result":"DeleteReceived", "context":{"id":"1a0ad227-0cdf-4a60-8ef2-7df103c62e37", "isDeleted:":"true", "version":"1710275228238"}}
{"logTime": "0422/114220", "correlationVector":"wpRsI04yrAIRcDCEtSuS7t.93","action":"GetUpdates", "result":"DeleteReceived", "context":{"id":"27621ab5-3bb4-4194-a01c-8b0ffe966fe8", "isDeleted:":"true", "version":"1710275228240"}}
{"logTime": "0422/114220", "correlationVector":"wpRsI04yrAIRcDCEtSuS7t.94","action":"GetUpdates", "result":"DeleteReceived", "context":{"id":"70e4212d-7147-45b7-a4d0-ea46a0eccbd0", "isDeleted:":"true", "version":"1710275228241"}}
{"logTime": "0422/114220", "correlationVector":"wpRsI04yrAIRcDCEtSuS7t.95","action":"GetUpdates", "result":"DeleteReceived", "context":{"id":"892fb6f0-3e39-40be-a8b1-2ee4dcb75df9", "isDeleted:":"true", "version":"1710336029365"}}
{"logTime": "0422/114220", "correlationVector":"wpRsI04yrAIRcDCEtSuS7t.96","action":"GetUpdates", "result":"DeleteReceived", "context":{"id":"bc51b4ae-dcf3-492c-9713-9fec69629427", "isDeleted:":"true", "version":"1710336302961"}}
{"logTime": "0422/114220", "correlationVector":"wpRsI04yrAIRcDCEtSuS7t.97","action":"GetUpdates", "result":"DeleteReceived", "context":{"id":"aa146430-a213-4be5-b14c-52a6fcfbfdaf", "isDeleted:":"true", "version":"1710336416537"}}
{"logTime": "0422/114220", "correlationVector":"wpRsI04yrAIRcDCEtSuS7t.98","action":"GetUpdates", "result":"DeleteReceived", "context":{"id":"f1747004-c90e-4d57-8efb-3140929eba2b", "isDeleted:":"true", "version":"1710336416538"}}
{"logTime": "0422/114220", "correlationVector":"wpRsI04yrAIRcDCEtSuS7t.99","action":"GetUpdates", "result":"DeleteReceived", "context":{"id":"1a03eef6-b682-4bbb-be7e-4df123363f0f", "isDeleted:":"true", "version":"1710338329985"}}
{"logTime": "0422/114220", "correlationVector":"wpRsI04yrAIRcDCEtSuS7t.100","action":"GetUpdates", "result":"DeleteReceived", "context":{"id":"fd8d47f2-3a6c-437b-91c1-c222b1e37461", "isDeleted:":"true", "version":"1710338329986"}}
{"logTime": "0422/114220", "correlationVector":"wpRsI04yrAIRcDCEtSuS7t.101","action":"GetUpdates", "result":"DeleteReceived", "context":{"id":"61111104-1e41-49ce-a2ea-840085470025", "isDeleted:":"true", "version":"1710338329988"}}
{"logTime": "0422/114220", "correlationVector":"wpRsI04yrAIRcDCEtSuS7t.102","action":"GetUpdates", "result":"DeleteReceived", "context":{"id":"827b68b0-8c6a-479f-a8d8-f0d786999ae9", "isDeleted:":"true", "version":"1710338329989"}}
{"logTime": "0422/114220", "correlationVector":"wpRsI04yrAIRcDCEtSuS7t.103","action":"GetUpdates", "result":"DeleteReceived", "context":{"id":"2d624aad-ab9e-4695-92dc-415333c6ccc1", "isDeleted:":"true", "version":"1710338329990"}}
{"logTime": "0422/114220", "correlationVector":"wpRsI04yrAIRcDCEtSuS7t.104","action":"GetUpdates", "result":"DeleteReceived", "context":{"id":"5f8f7546-a64d-44a7-8e03-65a47e5aba82", "isDeleted:":"true", "version":"1710338329991"}}
{"logTime": "0422/114220", "correlationVector":"wpRsI04yrAIRcDCEtSuS7t.105","action":"GetUpdates", "result":"DeleteReceived", "context":{"id":"493b8da8-d4da-40bc-a4d0-587b9ba25244", "isDeleted:":"true", "version":"1710338329992"}}
{"logTime": "0422/114220", "correlationVector":"wpRsI04yrAIRcDCEtSuS7t.106","action":"GetUpdates", "result":"DeleteReceived", "context":{"id":"a8b5a6ee-7422-4c90-abef-07a092090b5c", "isDeleted:":"true", "version":"1710354107671"}}
{"logTime": "0422/114220", "correlationVector":"wpRsI04yrAIRcDCEtSuS7t.107","action":"GetUpdates", "result":"DeleteReceived", "context":{"id":"c047fe72-3dc1-4d63-ae1d-e7880af9e431", "isDeleted:":"true", "version":"1710354107672"}}
{"logTime": "0422/114220", "correlationVector":"wpRsI04yrAIRcDCEtSuS7t.108","action":"GetUpdates", "result":"DeleteReceived", "context":{"id":"6fa1fe57-af70-482a-9cb1-11c100638daf", "isDeleted:":"true", "version":"1710354107674"}}
{"logTime": "0422/114220", "correlationVector":"wpRsI04yrAIRcDCEtSuS7t.109","action":"GetUpdates", "result":"DeleteReceived", "context":{"id":"fef15092-a832-417c-aaa6-f4523e2220da", "isDeleted:":"true", "version":"1710354107675"}}
{"logTime": "0422/114220", "correlationVector":"wpRsI04yrAIRcDCEtSuS7t.110","action":"GetUpdates", "result":"DeleteReceived", "context":{"id":"e42619d3-7bcf-475a-88ed-664d53e4e55b", "isDeleted:":"true", "version":"1710523311995"}}
{"logTime": "0422/114220", "correlationVector":"wpRsI04yrAIRcDCEtSuS7t.111","action":"GetUpdates", "result":"DeleteReceived", "context":{"id":"1969e12e-6bec-4e8c-8a8b-02d30ae30751", "isDeleted:":"true", "version":"1710587195886"}}
{"logTime": "0422/114220", "correlationVector":"wpRsI04yrAIRcDCEtSuS7t.112","action":"GetUpdates", "result":"DeleteReceived", "context":{"id":"59e60c3a-b74e-44e7-be28-2a4d7a2b15b4", "isDeleted:":"true", "version":"1710587195887"}}
{"logTime": "0422/114220", "correlationVector":"wpRsI04yrAIRcDCEtSuS7t.113","action":"GetUpdates", "result":"DeleteReceived", "context":{"id":"ac8ca35a-3375-449e-a532-b33eac360c87", "isDeleted:":"true", "version":"1710589009834"}}
{"logTime": "0422/114220", "correlationVector":"wpRsI04yrAIRcDCEtSuS7t.114","action":"GetUpdates", "result":"DeleteReceived", "context":{"id":"ced2eed3-5d38-4180-87a5-3669ec9b6372", "isDeleted:":"true", "version":"1710589009835"}}
{"logTime": "0422/114220", "correlationVector":"wpRsI04yrAIRcDCEtSuS7t.115","action":"GetUpdates", "result":"DeleteReceived", "context":{"id":"04c95e5e-cdba-45b4-8273-c0d959c218c8", "isDeleted:":"true", "version":"1710593633980"}}
{"logTime": "0422/114220", "correlationVector":"wpRsI04yrAIRcDCEtSuS7t.116","action":"GetUpdates", "result":"DeleteReceived", "context":{"id":"149a86f2-74e6-4d44-921f-072e58d042e7", "isDeleted:":"true", "version":"1710593633981"}}
{"logTime": "0422/114220", "correlationVector":"wpRsI04yrAIRcDCEtSuS7t.117","action":"GetUpdates", "result":"DeleteReceived", "context":{"id":"f9eb0fcc-b738-40bd-a243-c61a70e38355", "isDeleted:":"true", "version":"1710593633982"}}
{"logTime": "0422/114220", "correlationVector":"wpRsI04yrAIRcDCEtSuS7t.118","action":"GetUpdates", "result":"DeleteReceived", "context":{"id":"334f59de-617a-4419-bec9-40255972bfcd", "isDeleted:":"true", "version":"1710593633984"}}
{"logTime": "0422/114220", "correlationVector":"wpRsI04yrAIRcDCEtSuS7t.119","action":"GetUpdates", "result":"DeleteReceived", "context":{"id":"543b0ccf-e69d-47ac-8937-6d337ad66aed", "isDeleted:":"true", "version":"1710593633985"}}
{"logTime": "0422/114220", "correlationVector":"wpRsI04yrAIRcDCEtSuS7t.120","action":"GetUpdates", "result":"DeleteReceived", "context":{"id":"46884de6-51f4-4b77-9c8b-4ac5ed2c1b01", "isDeleted:":"true", "version":"1710593633986"}}
{"logTime": "0422/114220", "correlationVector":"wpRsI04yrAIRcDCEtSuS7t.121","action":"GetUpdates", "result":"DeleteReceived", "context":{"id":"1c1cfaa6-857e-498b-a215-472076d2a8a3", "isDeleted:":"true", "version":"1710593633987"}}
{"logTime": "0422/114220", "correlationVector":"wpRsI04yrAIRcDCEtSuS7t.122","action":"GetUpdates", "result":"DeleteReceived", "context":{"id":"838e00d5-8b33-4cad-92aa-0acbee20db7c", "isDeleted:":"true", "version":"1710607484171"}}
{"logTime": "0422/114220", "correlationVector":"wpRsI04yrAIRcDCEtSuS7t.123","action":"GetUpdates", "result":"DeleteReceived", "context":{"id":"e48bf911-821a-4b7e-ac64-f0ce3cb8bbbc", "isDeleted:":"true", "version":"1710674017500"}}
{"logTime": "0422/114220", "correlationVector":"wpRsI04yrAIRcDCEtSuS7t.124","action":"GetUpdates", "result":"DeleteReceived", "context":{"id":"7d62398c-6b67-4eef-bb49-93172060feec", "isDeleted:":"true", "version":"1710674017501"}}
{"logTime": "0422/114220", "correlationVector":"wpRsI04yrAIRcDCEtSuS7t.125","action":"GetUpdates", "result":"DeleteReceived", "context":{"id":"70f8ad26-6ff3-464d-b7b8-86755595ba49", "isDeleted:":"true", "version":"1710674017502"}}
{"logTime": "0422/114220", "correlationVector":"wpRsI04yrAIRcDCEtSuS7t.126","action":"GetUpdates", "result":"DeleteReceived", "context":{"id":"b3dbb5e2-ed3e-470a-81ed-77d729e7f790", "isDeleted:":"true", "version":"1710674074058"}}
{"logTime": "0422/114220", "correlationVector":"wpRsI04yrAIRcDCEtSuS7t.127","action":"GetUpdates", "result":"DeleteReceived", "context":{"id":"432a2db6-5e4a-4bc7-9ed7-446f364650d5", "isDeleted:":"true", "version":"1710674074059"}}
{"logTime": "0422/114220", "correlationVector":"wpRsI04yrAIRcDCEtSuS7t.128","action":"GetUpdates", "result":"DeleteReceived", "context":{"id":"9f40e3ac-b34f-4ee1-9c84-1cdc105f97de", "isDeleted:":"true", "version":"1710682141637"}}
{"logTime": "0422/114220", "correlationVector":"wpRsI04yrAIRcDCEtSuS7t.129","action":"GetUpdates", "result":"DeleteReceived", "context":{"id":"4cbbd329-46c3-44f0-9d37-d4815b0d881e", "isDeleted:":"true", "version":"1710682141639"}}
{"logTime": "0422/114220", "correlationVector":"wpRsI04yrAIRcDCEtSuS7t.130","action":"GetUpdates", "result":"DeleteReceived", "context":{"id":"d898106b-762f-407a-ba79-2f7d0a4dfd6a", "isDeleted:":"true", "version":"1710687891914"}}
{"logTime": "0422/114220", "correlationVector":"wpRsI04yrAIRcDCEtSuS7t.131","action":"GetUpdates", "result":"DeleteReceived", "context":{"id":"9526f8e0-72b4-4059-b50e-98293421eed9", "isDeleted:":"true", "version":"1710687891916"}}
{"logTime": "0422/114220", "correlationVector":"wpRsI04yrAIRcDCEtSuS7t.132","action":"GetUpdates", "result":"DeleteReceived", "context":{"id":"3ebd947c-acd8-487b-877e-55c8f10966b3", "isDeleted:":"true", "version":"1710687891919"}}
{"logTime": "0422/114220", "correlationVector":"wpRsI04yrAIRcDCEtSuS7t.133","action":"GetUpdates", "result":"DeleteReceived", "context":{"id":"93fe8b0c-9ff0-4bbb-b4ac-308713ac8ec5", "isDeleted:":"true", "version":"1710687891920"}}
{"logTime": "0422/114220", "correlationVector":"wpRsI04yrAIRcDCEtSuS7t.134","action":"GetUpdates", "result":"DeleteReceived", "context":{"id":"d97b26e3-8b3d-4856-8e3d-0daae610d130", "isDeleted:":"true", "version":"1710687891921"}}
{"logTime": "0422/114220", "correlationVector":"wpRsI04yrAIRcDCEtSuS7t.135","action":"GetUpdates", "result":"DeleteReceived", "context":{"id":"a670cb8b-5ec6-4768-a181-38580ca23b1c", "isDeleted:":"true", "version":"1710687901707"}}
{"logTime": "0422/114220", "correlationVector":"wpRsI04yrAIRcDCEtSuS7t.136","action":"GetUpdates", "result":"DeleteReceived", "context":{"id":"5b4c41e6-c70b-4750-8e15-6bf6b6ab27f7", "isDeleted:":"true", "version":"1710687901708"}}
{"logTime": "0422/114220", "correlationVector":"wpRsI04yrAIRcDCEtSuS7t.137","action":"GetUpdates", "result":"DeleteReceived", "context":{"id":"b1ccbef0-27c1-4555-9258-a03952a566eb", "isDeleted:":"true", "version":"1710689006908"}}
{"logTime": "0422/114220", "correlationVector":"wpRsI04yrAIRcDCEtSuS7t.138","action":"GetUpdates", "result":"DeleteReceived", "context":{"id":"8e937454-83a8-40b5-bc05-ff869bbfb337", "isDeleted:":"true", "version":"1710689006909"}}
{"logTime": "0422/114220", "correlationVector":"wpRsI04yrAIRcDCEtSuS7t.139","action":"GetUpdates", "result":"DeleteReceived", "context":{"id":"2c5b2d40-5d79-40a4-9733-e9cdef267e10", "isDeleted:":"true", "version":"1710689012620"}}
{"logTime": "0422/114220", "correlationVector":"wpRsI04yrAIRcDCEtSuS7t.140","action":"GetUpdates", "result":"DeleteReceived", "context":{"id":"bc894c92-4409-4325-b708-9f1888b0b3af", "isDeleted:":"true", "version":"1710723662616"}}
{"logTime": "0422/114220", "correlationVector":"wpRsI04yrAIRcDCEtSuS7t.141","action":"GetUpdates", "result":"DeleteReceived", "context":{"id":"de5f4bf3-147d-46ec-86d5-fa6488334061", "isDeleted:":"true", "version":"1710724406811"}}
{"logTime": "0422/114220", "correlationVector":"wpRsI04yrAIRcDCEtSuS7t.142","action":"GetUpdates", "result":"DeleteReceived", "context":{"id":"f12f3a6c-b003-4e8f-84ca-6d2a97155ab6", "isDeleted:":"true", "version":"1710735213940"}}
{"logTime": "0422/114220", "correlationVector":"wpRsI04yrAIRcDCEtSuS7t.143","action":"GetUpdates", "result":"DeleteReceived", "context":{"id":"2ef78948-638c-4428-a146-0e6e7f003d9f", "isDeleted:":"true", "version":"1710740145274"}}
{"logTime": "0422/114220", "correlationVector":"wpRsI04yrAIRcDCEtSuS7t.144","action":"GetUpdates", "result":"DeleteReceived", "context":{"id":"3f3ad30d-5a79-4cd3-b3af-853733f8f646", "isDeleted:":"true", "version":"1710759512452"}}
{"logTime": "0422/114220", "correlationVector":"wpRsI04yrAIRcDCEtSuS7t.145","action":"GetUpdates", "result":"DeleteReceived", "context":{"id":"aef7193b-f111-45af-a73b-77ff5aaa0ff8", "isDeleted:":"true", "version":"1710759512453"}}
{"logTime": "0422/114220", "correlationVector":"wpRsI04yrAIRcDCEtSuS7t.146","action":"GetUpdates", "result":"DeleteReceived", "context":{"id":"a3457980-518e-4cf6-b769-f055ed89da5b", "isDeleted:":"true", "version":"1710759512454"}}
{"logTime": "0422/114220", "correlationVector":"wpRsI04yrAIRcDCEtSuS7t.147","action":"GetUpdates", "result":"DeleteReceived", "context":{"id":"1adf82b5-7400-4b4e-aaec-b5e7b52c0c29", "isDeleted:":"true", "version":"1710759512455"}}
{"logTime": "0422/114220", "correlationVector":"wpRsI04yrAIRcDCEtSuS7t.148","action":"GetUpdates", "result":"DeleteReceived", "context":{"id":"5a436a57-57a6-47e9-845a-6ee2cec416f9", "isDeleted:":"true", "version":"1710759512456"}}
{"logTime": "0422/114220", "correlationVector":"wpRsI04yrAIRcDCEtSuS7t.149","action":"GetUpdates", "result":"DeleteReceived", "context":{"id":"22520fec-09b0-4490-a0e7-a724eb37b7c1", "isDeleted:":"true", "version":"1710759813630"}}
{"logTime": "0422/114220", "correlationVector":"wpRsI04yrAIRcDCEtSuS7t.150","action":"GetUpdates", "result":"DeleteReceived", "context":{"id":"0ab0dd21-0f71-471c-8427-bbb5cc5694b5", "isDeleted:":"true", "version":"1710759813631"}}
{"logTime": "0422/114220", "correlationVector":"wpRsI04yrAIRcDCEtSuS7t.151","action":"GetUpdates", "result":"DeleteReceived", "context":{"id":"02bad312-ceda-4f47-8025-cc73f38690d8", "isDeleted:":"true", "version":"1710759813632"}}
{"logTime": "0422/114220", "correlationVector":"wpRsI04yrAIRcDCEtSuS7t.152","action":"GetUpdates", "result":"DeleteReceived", "context":{"id":"27c46ff4-368e-4730-b410-e20dc583ed62", "isDeleted:":"true", "version":"1710759813633"}}
{"logTime": "0422/114220", "correlationVector":"wpRsI04yrAIRcDCEtSuS7t.153","action":"GetUpdates", "result":"DeleteReceived", "context":{"id":"c81a9669-8737-47a6-be74-baed9415f08d", "isDeleted:":"true", "version":"1710759813635"}}
{"logTime": "0422/114220", "correlationVector":"wpRsI04yrAIRcDCEtSuS7t.154","action":"GetUpdates", "result":"DeleteReceived", "context":{"id":"e4092661-020e-407a-91a1-3e294f5a1acb", "isDeleted:":"true", "version":"1710759813636"}}
{"logTime": "0422/114220", "correlationVector":"wpRsI04yrAIRcDCEtSuS7t.155","action":"GetUpdates", "result":"DeleteReceived", "context":{"id":"22ed1072-3b41-4f31-b5a0-35c58da1f6b6", "isDeleted:":"true", "version":"1710759813637"}}
{"logTime": "0422/114220", "correlationVector":"wpRsI04yrAIRcDCEtSuS7t.156","action":"GetUpdates", "result":"DeleteReceived", "context":{"id":"657b7e79-4d8e-4957-92f5-880593787a8a", "isDeleted:":"true", "version":"1710879030483"}}
{"logTime": "0422/114220", "correlationVector":"wpRsI04yrAIRcDCEtSuS7t.157","action":"GetUpdates", "result":"DeleteReceived", "context":{"id":"f54a744f-3b60-4258-8fd3-c19d52cfa9d3", "isDeleted:":"true", "version":"1710879030484"}}
{"logTime": "0422/114220", "correlationVector":"wpRsI04yrAIRcDCEtSuS7t.158","action":"GetUpdates", "result":"DeleteReceived", "context":{"id":"fd2fc8cb-7997-4980-bcee-c2690f434429", "isDeleted:":"true", "version":"1710880329112"}}
{"logTime": "0422/114220", "correlationVector":"wpRsI04yrAIRcDCEtSuS7t.159","action":"GetUpdates Response", "result":"Success", "context":Received 250 update(s). cV=wpRsI04yrAIRcDCEtSuS7t.0;server=general01000002;cloudType=Consumer;environment=Prod_NorthEurope_000h;migrationStage=NotStarted Some updates remain.}
{"logTime": "0422/114220", "correlationVector":"GPijDFMLCux3KDdjPXbGlf","action":"Initial GetUpdates", "result":"", "context":Reason: NEWLY_SUPPORTED_DATATYPE. cV=GPijDFMLCux3KDdjPXbGlf}
{"logTime": "0422/114221", "correlationVector":"GPijDFMLCux3KDdjPXbGlf.1","action":"SyncServerConnectionManagerRequest", "result":"SYNC_SERVER_OK", "context":{"environment":"Prod_NorthEurope_000h", "migrationStage":"NotStarted", "server":"GENERAL0100001A"}}
{"logTime": "0422/114221", "correlationVector":"GPijDFMLCux3KDdjPXbGlf.2","action":"GetUpdates", "result":"DeleteReceived", "context":{"id":"a1446251-b003-4314-b56f-980cdc2e4f97", "isDeleted:":"true", "version":"1710880362363"}}
{"logTime": "0422/114221", "correlationVector":"GPijDFMLCux3KDdjPXbGlf.3","action":"GetUpdates", "result":"DeleteReceived", "context":{"id":"da79e6f6-b53f-4721-b322-703d035868e4", "isDeleted:":"true", "version":"1710880362364"}}
{"logTime": "0422/114221", "correlationVector":"GPijDFMLCux3KDdjPXbGlf.4","action":"GetUpdates", "result":"DeleteReceived", "context":{"id":"c4c1090b-09cf-4f08-ad89-f6c4fb6f3413", "isDeleted:":"true", "version":"1711017792102"}}
{"logTime": "0422/114221", "correlationVector":"GPijDFMLCux3KDdjPXbGlf.5","action":"GetUpdates", "result":"DeleteReceived", "context":{"id":"701b9f8b-d9f6-4f95-95ff-c29ec19f5d7f", "isDeleted:":"true", "version":"1711017792104"}}
{"logTime": "0422/114221", "correlationVector":"GPijDFMLCux3KDdjPXbGlf.6","action":"GetUpdates", "result":"DeleteReceived", "context":{"id":"dd450828-480a-4e1f-8b72-b4d950bb1f2d", "isDeleted:":"true", "version":"1711017792105"}}
{"logTime": "0422/114221", "correlationVector":"GPijDFMLCux3KDdjPXbGlf.7","action":"GetUpdates", "result":"DeleteReceived", "context":{"id":"d8e9aed6-c48d-4644-b7d1-a8700a8d75cf", "isDeleted:":"true", "version":"1711018210513"}}
{"logTime": "0422/114221", "correlationVector":"GPijDFMLCux3KDdjPXbGlf.8","action":"GetUpdates", "result":"DeleteReceived", "context":{"id":"b3c62a92-84c3-45fe-8782-cdbbf1c0a1e7", "isDeleted:":"true", "version":"1711018210514"}}
{"logTime": "0422/114221", "correlationVector":"GPijDFMLCux3KDdjPXbGlf.9","action":"GetUpdates", "result":"DeleteReceived", "context":{"id":"0533cc75-4c1a-4393-b5ef-6d78a8afa3f0", "isDeleted:":"true", "version":"1711018210515"}}
{"logTime": "0422/114221", "correlationVector":"GPijDFMLCux3KDdjPXbGlf.10","action":"GetUpdates", "result":"DeleteReceived", "context":{"id":"b1a7a4ca-840b-4c67-86e3-5d13bca4039b", "isDeleted:":"true", "version":"1711019472073"}}
{"logTime": "0422/114221", "correlationVector":"GPijDFMLCux3KDdjPXbGlf.11","action":"GetUpdates", "result":"DeleteReceived", "context":{"id":"dfa8671a-2cbf-4266-937f-f733c111e7cf", "isDeleted:":"true", "version":"1711019472074"}}
{"logTime": "0422/114221", "correlationVector":"GPijDFMLCux3KDdjPXbGlf.12","action":"GetUpdates", "result":"DeleteReceived", "context":{"id":"53cb536c-edf0-4710-b738-46cf2fa4ce95", "isDeleted:":"true", "version":"1711019472075"}}
{"logTime": "0422/114221", "correlationVector":"GPijDFMLCux3KDdjPXbGlf.13","action":"GetUpdates", "result":"DeleteReceived", "context":{"id":"58cceae7-1179-4838-afcd-5d92f8d436e8", "isDeleted:":"true", "version":"1711019577933"}}
{"logTime": "0422/114221", "correlationVector":"GPijDFMLCux3KDdjPXbGlf.14","action":"GetUpdates", "result":"DeleteReceived", "context":{"id":"f1240538-0814-419c-8592-a9b71109899f", "isDeleted:":"true", "version":"1711019577934"}}
{"logTime": "0422/114221", "correlationVector":"GPijDFMLCux3KDdjPXbGlf.15","action":"GetUpdates", "result":"DeleteReceived", "context":{"id":"c6886d59-ab24-4495-aaba-817fcb1c5cfe", "isDeleted:":"true", "version":"1711020046117"}}
{"logTime": "0422/114221", "correlationVector":"GPijDFMLCux3KDdjPXbGlf.16","action":"GetUpdates", "result":"DeleteReceived", "context":{"id":"b98ca6b2-72f5-48a3-81aa-c76ae4ab1dd3", "isDeleted:":"true", "version":"1711020046118"}}
{"logTime": "0422/114221", "correlationVector":"GPijDFMLCux3KDdjPXbGlf.17","action":"GetUpdates", "result":"DeleteReceived", "context":{"id":"ae930aa6-609a-4ff9-92f3-7ae4183b59ba", "isDeleted:":"true", "version":"1711020078707"}}
{"logTime": "0422/114221", "correlationVector":"GPijDFMLCux3KDdjPXbGlf.18","action":"GetUpdates", "result":"DeleteReceived", "context":{"id":"5fc0af8d-d09f-4a50-84af-2974f1cd4146", "isDeleted:":"true", "version":"1711020547501"}}
{"logTime": "0422/114221", "correlationVector":"GPijDFMLCux3KDdjPXbGlf.19","action":"GetUpdates", "result":"DeleteReceived", "context":{"id":"fbd17106-2c71-413d-91a5-0f24c28e7b9d", "isDeleted:":"true", "version":"1711020547502"}}
{"logTime": "0422/114221", "correlationVector":"GPijDFMLCux3KDdjPXbGlf.20","action":"GetUpdates", "result":"DeleteReceived", "context":{"id":"88e03a81-2c83-4534-8735-fd960867eade", "isDeleted:":"true", "version":"1711020547503"}}
{"logTime": "0422/114221", "correlationVector":"GPijDFMLCux3KDdjPXbGlf.21","action":"GetUpdates", "result":"DeleteReceived", "context":{"id":"dab291c8-3219-4bf6-b81c-2e6e80a3e962", "isDeleted:":"true", "version":"1711020547504"}}
{"logTime": "0422/114221", "correlationVector":"GPijDFMLCux3KDdjPXbGlf.22","action":"GetUpdates", "result":"DeleteReceived", "context":{"id":"51af6805-1a4b-4842-9ea8-ccd4bff603d1", "isDeleted:":"true", "version":"1711020547505"}}
{"logTime": "0422/114221", "correlationVector":"GPijDFMLCux3KDdjPXbGlf.23","action":"GetUpdates", "result":"DeleteReceived", "context":{"id":"246d0e5c-20ea-4d1a-8247-71064759a631", "isDeleted:":"true", "version":"1711021277488"}}
{"logTime": "0422/114221", "correlationVector":"GPijDFMLCux3KDdjPXbGlf.24","action":"GetUpdates", "result":"DeleteReceived", "context":{"id":"d69f1ba7-8ba7-406f-a7ed-a400b79a8e74", "isDeleted:":"true", "version":"1711048381492"}}
{"logTime": "0422/114221", "correlationVector":"GPijDFMLCux3KDdjPXbGlf.25","action":"GetUpdates", "result":"DeleteReceived", "context":{"id":"75b114e5-807a-44c3-9171-946ad178d8b0", "isDeleted:":"true", "version":"1711048381494"}}
{"logTime": "0422/114221", "correlationVector":"GPijDFMLCux3KDdjPXbGlf.26","action":"GetUpdates", "result":"DeleteReceived", "context":{"id":"a9487b72-9d71-45a5-aace-8a6bc200ba9f", "isDeleted:":"true", "version":"1711051422645"}}
{"logTime": "0422/114221", "correlationVector":"GPijDFMLCux3KDdjPXbGlf.27","action":"GetUpdates", "result":"DeleteReceived", "context":{"id":"66c22d9b-6ef6-473c-ba93-7d40c92eb917", "isDeleted:":"true", "version":"1711190978753"}}
{"logTime": "0422/114221", "correlationVector":"GPijDFMLCux3KDdjPXbGlf.28","action":"GetUpdates", "result":"DeleteReceived", "context":{"id":"ea2969b7-19e4-4de9-aac5-46624f7c1350", "isDeleted:":"true", "version":"1711190978754"}}
{"logTime": "0422/114221", "correlationVector":"GPijDFMLCux3KDdjPXbGlf.29","action":"GetUpdates", "result":"DeleteReceived", "context":{"id":"28b2a60b-145f-49ea-b50d-d6c743627e9c", "isDeleted:":"true", "version":"1711191009495"}}
{"logTime": "0422/114221", "correlationVector":"GPijDFMLCux3KDdjPXbGlf.30","action":"GetUpdates", "result":"DeleteReceived", "context":{"id":"380dde38-ff6f-4023-a22e-a18e09aae55e", "isDeleted:":"true", "version":"1711191784821"}}
{"logTime": "0422/114221", "correlationVector":"GPijDFMLCux3KDdjPXbGlf.31","action":"GetUpdates", "result":"DeleteReceived", "context":{"id":"ada9dc12-8c96-4cfc-a9fb-a159a873f4d7", "isDeleted:":"true", "version":"1711192869512"}}
{"logTime": "0422/114221", "correlationVector":"GPijDFMLCux3KDdjPXbGlf.32","action":"GetUpdates", "result":"DeleteReceived", "context":{"id":"a512ab8e-dcb8-446c-b3b2-3765cf30bca1", "isDeleted:":"true", "version":"1711193328340"}}
{"logTime": "0422/114221", "correlationVector":"GPijDFMLCux3KDdjPXbGlf.33","action":"GetUpdates", "result":"DeleteReceived", "context":{"id":"a4a34da0-66fc-413b-bd9f-91cf283a49b9", "isDeleted:":"true", "version":"1711193328341"}}
{"logTime": "0422/114221", "correlationVector":"GPijDFMLCux3KDdjPXbGlf.34","action":"GetUpdates", "result":"DeleteReceived", "context":{"id":"dfd8d6e5-0d40-424a-bf5b-de05cfacfaec", "isDeleted:":"true", "version":"1711193328342"}}
{"logTime": "0422/114221", "correlationVector":"GPijDFMLCux3KDdjPXbGlf.35","action":"GetUpdates", "result":"DeleteReceived", "context":{"id":"7af5f5a1-5983-43c1-b1e8-6d1ce0e40e7c", "isDeleted:":"true", "version":"1711193328343"}}
{"logTime": "0422/114221", "correlationVector":"GPijDFMLCux3KDdjPXbGlf.36","action":"GetUpdates", "result":"DeleteReceived", "context":{"id":"0b9bf3ca-0e02-4eed-9f5b-36a5cb595a35", "isDeleted:":"true", "version":"1711196394987"}}
{"logTime": "0422/114221", "correlationVector":"GPijDFMLCux3KDdjPXbGlf.37","action":"GetUpdates", "result":"DeleteReceived", "context":{"id":"dc86a364-bedc-4510-8236-21470f9ed643", "isDeleted:":"true", "version":"1711197196889"}}
{"logTime": "0422/114221", "correlationVector":"GPijDFMLCux3KDdjPXbGlf.38","action":"GetUpdates", "result":"DeleteReceived", "context":{"id":"5f1f7181-8caa-456b-9256-c6b984ee964a", "isDeleted:":"true", "version":"1711205808973"}}
{"logTime": "0422/114221", "correlationVector":"GPijDFMLCux3KDdjPXbGlf.39","action":"GetUpdates", "result":"DeleteReceived", "context":{"id":"6697983c-9cf4-48ac-aa1e-8781cf82c4fe", "isDeleted:":"true", "version":"1711227585993"}}
{"logTime": "0422/114221", "correlationVector":"GPijDFMLCux3KDdjPXbGlf.40","action":"GetUpdates", "result":"DeleteReceived", "context":{"id":"ce63f1c8-16bd-42c4-bb6e-6967fa5a1f22", "isDeleted:":"true", "version":"1711227585994"}}
{"logTime": "0422/114221", "correlationVector":"GPijDFMLCux3KDdjPXbGlf.41","action":"GetUpdates", "result":"DeleteReceived", "context":{"id":"91e78fd2-878a-4f86-aacc-9f81c7b5a508", "isDeleted:":"true", "version":"1711227585996"}}
{"logTime": "0422/114221", "correlationVector":"GPijDFMLCux3KDdjPXbGlf.42","action":"GetUpdates", "result":"DeleteReceived", "context":{"id":"46e64b76-b118-4788-9820-3f21b421979e", "isDeleted:":"true", "version":"1711227585997"}}
{"logTime": "0422/114221", "correlationVector":"GPijDFMLCux3KDdjPXbGlf.43","action":"GetUpdates", "result":"DeleteReceived", "context":{"id":"bd468b77-b76d-475e-86b4-b541e7627302", "isDeleted:":"true", "version":"1711233660955"}}
{"logTime": "0422/114221", "correlationVector":"GPijDFMLCux3KDdjPXbGlf.44","action":"GetUpdates", "result":"DeleteReceived", "context":{"id":"6bed02c9-b063-476f-a519-dbb5a373e5ca", "isDeleted:":"true", "version":"1711233928579"}}
{"logTime": "0422/114221", "correlationVector":"GPijDFMLCux3KDdjPXbGlf.45","action":"GetUpdates", "result":"DeleteReceived", "context":{"id":"9103e60b-c405-4ad9-9177-77312f29e6b2", "isDeleted:":"true", "version":"1711233928580"}}
{"logTime": "0422/114221", "correlationVector":"GPijDFMLCux3KDdjPXbGlf.46","action":"GetUpdates", "result":"DeleteReceived", "context":{"id":"4f627e65-3cbe-47fc-ab5e-e7313926437e", "isDeleted:":"true", "version":"1711238270223"}}
{"logTime": "0422/114221", "correlationVector":"GPijDFMLCux3KDdjPXbGlf.47","action":"GetUpdates", "result":"DeleteReceived", "context":{"id":"b0eb5d28-c49a-4b43-a852-10f48467160c", "isDeleted:":"true", "version":"1711238392155"}}
{"logTime": "0422/114221", "correlationVector":"GPijDFMLCux3KDdjPXbGlf.48","action":"GetUpdates", "result":"DeleteReceived", "context":{"id":"478a42c7-214b-491d-9753-b1bfabda5687", "isDeleted:":"true", "version":"1711238392157"}}
{"logTime": "0422/114221", "correlationVector":"GPijDFMLCux3KDdjPXbGlf.49","action":"GetUpdates", "result":"DeleteReceived", "context":{"id":"bc1a7afe-9b8e-4381-809e-8a19ad977e63", "isDeleted:":"true", "version":"1711244763109"}}
{"logTime": "0422/114221", "correlationVector":"GPijDFMLCux3KDdjPXbGlf.50","action":"GetUpdates", "result":"DeleteReceived", "context":{"id":"aada248f-411b-47ce-8f54-19cf0269c8cf", "isDeleted:":"true", "version":"1711244763110"}}
{"logTime": "0422/114221", "correlationVector":"GPijDFMLCux3KDdjPXbGlf.51","action":"GetUpdates", "result":"DeleteReceived", "context":{"id":"ca4dfb5d-8443-4933-ae25-0f89387928d6", "isDeleted:":"true", "version":"1711315318278"}}
{"logTime": "0422/114221", "correlationVector":"GPijDFMLCux3KDdjPXbGlf.52","action":"GetUpdates", "result":"DeleteReceived", "context":{"id":"e7130040-e9bb-4159-a2d6-8163c780a93f", "isDeleted:":"true", "version":"1711315801396"}}
{"logTime": "0422/114221", "correlationVector":"GPijDFMLCux3KDdjPXbGlf.53","action":"GetUpdates", "result":"DeleteReceived", "context":{"id":"2221db3a-7112-4200-96a3-df60bcfcc72b", "isDeleted:":"true", "version":"1711398591673"}}
{"logTime": "0422/114221", "correlationVector":"GPijDFMLCux3KDdjPXbGlf.54","action":"GetUpdates", "result":"DeleteReceived", "context":{"id":"30308c56-0c0f-48b0-9ced-4e8b3702b890", "isDeleted:":"true", "version":"1711398591674"}}
{"logTime": "0422/114221", "correlationVector":"GPijDFMLCux3KDdjPXbGlf.55","action":"GetUpdates", "result":"DeleteReceived", "context":{"id":"3e63645a-75b7-4f7b-b004-a2df65ceab67", "isDeleted:":"true", "version":"1711404497678"}}
{"logTime": "0422/114221", "correlationVector":"GPijDFMLCux3KDdjPXbGlf.56","action":"GetUpdates", "result":"DeleteReceived", "context":{"id":"0ab8d081-cb2e-4519-9796-7276ccbb9e98", "isDeleted:":"true", "version":"1711404786239"}}
{"logTime": "0422/114221", "correlationVector":"GPijDFMLCux3KDdjPXbGlf.57","action":"GetUpdates", "result":"DeleteReceived", "context":{"id":"d0ce53f6-27b7-4418-8fd7-d6c4e60ff776", "isDeleted:":"true", "version":"1711421183784"}}
{"logTime": "0422/114221", "correlationVector":"GPijDFMLCux3KDdjPXbGlf.58","action":"GetUpdates", "result":"DeleteReceived", "context":{"id":"09b5bb6b-8861-4116-a039-b38d479c730f", "isDeleted:":"true", "version":"1711502647430"}}
{"logTime": "0422/114221", "correlationVector":"GPijDFMLCux3KDdjPXbGlf.59","action":"GetUpdates", "result":"DeleteReceived", "context":{"id":"323b31f7-1e9f-42cf-ad84-9191b84bf88e", "isDeleted:":"true", "version":"1711526466624"}}
{"logTime": "0422/114221", "correlationVector":"GPijDFMLCux3KDdjPXbGlf.60","action":"GetUpdates", "result":"DeleteReceived", "context":{"id":"aa25fffc-f56e-434f-ba82-144c9d7d4c26", "isDeleted:":"true", "version":"1711526629251"}}
{"logTime": "0422/114221", "correlationVector":"GPijDFMLCux3KDdjPXbGlf.61","action":"GetUpdates", "result":"DeleteReceived", "context":{"id":"c6a8a16d-fda3-4e2a-a73a-e57f1a2d6934", "isDeleted:":"true", "version":"1711526629252"}}
{"logTime": "0422/114221", "correlationVector":"GPijDFMLCux3KDdjPXbGlf.62","action":"GetUpdates", "result":"DeleteReceived", "context":{"id":"bf6c6925-e701-4a42-97ed-064bdc3e958f", "isDeleted:":"true", "version":"1711527344270"}}
{"logTime": "0422/114221", "correlationVector":"GPijDFMLCux3KDdjPXbGlf.63","action":"GetUpdates", "result":"DeleteReceived", "context":{"id":"6683d713-400a-44f9-9c9a-8829dfba3774", "isDeleted:":"true", "version":"1711527344271"}}
{"logTime": "0422/114221", "correlationVector":"GPijDFMLCux3KDdjPXbGlf.64","action":"GetUpdates", "result":"DeleteReceived", "context":{"id":"73cb432f-3217-4f03-9190-ac93907c709b", "isDeleted:":"true", "version":"1711527374933"}}
{"logTime": "0422/114221", "correlationVector":"GPijDFMLCux3KDdjPXbGlf.65","action":"GetUpdates", "result":"DeleteReceived", "context":{"id":"2e1c3aaf-1107-4ada-ac1f-eaef8d18c105", "isDeleted:":"true", "version":"1711527374934"}}
{"logTime": "0422/114221", "correlationVector":"GPijDFMLCux3KDdjPXbGlf.66","action":"GetUpdates", "result":"DeleteReceived", "context":{"id":"15510838-f904-4563-abe5-19abaffec1fb", "isDeleted:":"true", "version":"1711527374936"}}
{"logTime": "0422/114221", "correlationVector":"GPijDFMLCux3KDdjPXbGlf.67","action":"GetUpdates", "result":"DeleteReceived", "context":{"id":"1a1ff1b4-2650-4cd6-890c-f8a6d8f834e8", "isDeleted:":"true", "version":"1711527374937"}}
{"logTime": "0422/114221", "correlationVector":"GPijDFMLCux3KDdjPXbGlf.68","action":"GetUpdates", "result":"DeleteReceived", "context":{"id":"32f70931-871e-47c8-9262-b4974e351546", "isDeleted:":"true", "version":"1711575913519"}}
{"logTime": "0422/114221", "correlationVector":"GPijDFMLCux3KDdjPXbGlf.69","action":"GetUpdates", "result":"DeleteReceived", "context":{"id":"5012b009-16a2-4735-b81f-843721efce94", "isDeleted:":"true", "version":"1711575913521"}}
{"logTime": "0422/114221", "correlationVector":"GPijDFMLCux3KDdjPXbGlf.70","action":"GetUpdates", "result":"DeleteReceived", "context":{"id":"bb1cf5f7-4d56-4b3e-bd15-54dfb5c82a15", "isDeleted:":"true", "version":"1711575913522"}}
{"logTime": "0422/114221", "correlationVector":"GPijDFMLCux3KDdjPXbGlf.71","action":"GetUpdates", "result":"DeleteReceived", "context":{"id":"61084c7c-3f8e-4b30-b0b3-69b10da5df3f", "isDeleted:":"true", "version":"1711575913523"}}
{"logTime": "0422/114221", "correlationVector":"GPijDFMLCux3KDdjPXbGlf.72","action":"GetUpdates", "result":"DeleteReceived", "context":{"id":"18526a64-c67f-4b21-b3fe-13fec72351ab", "isDeleted:":"true", "version":"1711575913524"}}
{"logTime": "0422/114221", "correlationVector":"GPijDFMLCux3KDdjPXbGlf.73","action":"GetUpdates", "result":"DeleteReceived", "context":{"id":"fee9689a-6c0e-4781-8f48-d9449cd55555", "isDeleted:":"true", "version":"1711575913525"}}
{"logTime": "0422/114221", "correlationVector":"GPijDFMLCux3KDdjPXbGlf.74","action":"GetUpdates", "result":"DeleteReceived", "context":{"id":"9d143334-3bbd-45ac-a906-2d12e76e4cef", "isDeleted:":"true", "version":"1711575913527"}}
{"logTime": "0422/114221", "correlationVector":"GPijDFMLCux3KDdjPXbGlf.75","action":"GetUpdates", "result":"DeleteReceived", "context":{"id":"aceda64b-12b4-4e2f-b9c4-a8528d09f4bb", "isDeleted:":"true", "version":"1711577537845"}}
{"logTime": "0422/114221", "correlationVector":"GPijDFMLCux3KDdjPXbGlf.76","action":"GetUpdates", "result":"DeleteReceived", "context":{"id":"7f44b316-c608-4999-be8b-5953887730db", "isDeleted:":"true", "version":"1711578157447"}}
{"logTime": "0422/114221", "correlationVector":"GPijDFMLCux3KDdjPXbGlf.77","action":"GetUpdates", "result":"DeleteReceived", "context":{"id":"6ccb7e34-0678-43ac-beb3-a92a0340b3ed", "isDeleted:":"true", "version":"1711600036787"}}
{"logTime": "0422/114221", "correlationVector":"GPijDFMLCux3KDdjPXbGlf.78","action":"GetUpdates", "result":"DeleteReceived", "context":{"id":"963f0808-6fda-44db-9941-f16e12eccb5f", "isDeleted:":"true", "version":"1711600036788"}}
{"logTime": "0422/114221", "correlationVector":"GPijDFMLCux3KDdjPXbGlf.79","action":"GetUpdates", "result":"DeleteReceived", "context":{"id":"63999144-0165-4c12-9016-e39a4f44d0cd", "isDeleted:":"true", "version":"1711600036789"}}
{"logTime": "0422/114221", "correlationVector":"GPijDFMLCux3KDdjPXbGlf.80","action":"GetUpdates", "result":"DeleteReceived", "context":{"id":"cda5d3a0-f569-44fc-b64b-70e5e07e2a2d", "isDeleted:":"true", "version":"1711600036790"}}
{"logTime": "0422/114221", "correlationVector":"GPijDFMLCux3KDdjPXbGlf.81","action":"GetUpdates", "result":"DeleteReceived", "context":{"id":"f4ca0473-619c-4ef4-b745-57c049c5160e", "isDeleted:":"true", "version":"1711600036791"}}
{"logTime": "0422/114221", "correlationVector":"GPijDFMLCux3KDdjPXbGlf.82","action":"GetUpdates", "result":"DeleteReceived", "context":{"id":"3d0b34e1-02d1-460c-b351-e5689d53b9fc", "isDeleted:":"true", "version":"1711717375115"}}
{"logTime": "0422/114221", "correlationVector":"GPijDFMLCux3KDdjPXbGlf.83","action":"GetUpdates", "result":"DeleteReceived", "context":{"id":"211b30ab-dd6c-4d08-9d04-cb37c934cb98", "isDeleted:":"true", "version":"1711717375116"}}
{"logTime": "0422/114221", "correlationVector":"GPijDFMLCux3KDdjPXbGlf.84","action":"GetUpdates", "result":"DeleteReceived", "context":{"id":"fb3c9a1b-7fac-43ba-b738-6e5481b01d90", "isDeleted:":"true", "version":"1711718461595"}}
{"logTime": "0422/114221", "correlationVector":"GPijDFMLCux3KDdjPXbGlf.85","action":"GetUpdates", "result":"DeleteReceived", "context":{"id":"dd2f7c90-0e00-4c58-b321-1dbddbd70fe8", "isDeleted:":"true", "version":"1711740160802"}}
{"logTime": "0422/114221", "correlationVector":"GPijDFMLCux3KDdjPXbGlf.86","action":"GetUpdates", "result":"DeleteReceived", "context":{"id":"caf543ac-5e83-4a04-9fe0-5f25b07974ff", "isDeleted:":"true", "version":"1711742720691"}}
{"logTime": "0422/114221", "correlationVector":"GPijDFMLCux3KDdjPXbGlf.87","action":"GetUpdates", "result":"DeleteReceived", "context":{"id":"82314acf-dbfd-4cb9-a55a-8129f8a250ac", "isDeleted:":"true", "version":"1711748663680"}}
{"logTime": "0422/114221", "correlationVector":"GPijDFMLCux3KDdjPXbGlf.88","action":"GetUpdates", "result":"DeleteReceived", "context":{"id":"abd79097-9b0c-4d00-9309-ca90e242225b", "isDeleted:":"true", "version":"1711773345697"}}
{"logTime": "0422/114221", "correlationVector":"GPijDFMLCux3KDdjPXbGlf.89","action":"GetUpdates", "result":"DeleteReceived", "context":{"id":"11b5f4f2-df02-46b7-9956-bd5bc0dfa22b", "isDeleted:":"true", "version":"1711773345699"}}
{"logTime": "0422/114221", "correlationVector":"GPijDFMLCux3KDdjPXbGlf.90","action":"GetUpdates", "result":"DeleteReceived", "context":{"id":"7271a81b-c299-4914-902e-4f5ed5c0fcce", "isDeleted:":"true", "version":"1711773345700"}}
{"logTime": "0422/114221", "correlationVector":"GPijDFMLCux3KDdjPXbGlf.91","action":"GetUpdates", "result":"DeleteReceived", "context":{"id":"a959e1b4-d212-4989-864d-e9f94a688274", "isDeleted:":"true", "version":"1711778628703"}}
{"logTime": "0422/114221", "correlationVector":"GPijDFMLCux3KDdjPXbGlf.92","action":"GetUpdates", "result":"DeleteReceived", "context":{"id":"53d4a9ff-cd1e-4bde-b5ea-572c0fdce228", "isDeleted:":"true", "version":"1711778628704"}}
{"logTime": "0422/114221", "correlationVector":"GPijDFMLCux3KDdjPXbGlf.93","action":"GetUpdates", "result":"DeleteReceived", "context":{"id":"85306b78-b7e9-485a-8efe-8c9ddc19ef24", "isDeleted:":"true", "version":"1712236115092"}}
{"logTime": "0422/114221", "correlationVector":"GPijDFMLCux3KDdjPXbGlf.94","action":"GetUpdates", "result":"DeleteReceived", "context":{"id":"0fb2cb18-fdcd-4daf-bc38-6a6e9fa0cf25", "isDeleted:":"true", "version":"1712236115093"}}
{"logTime": "0422/114221", "correlationVector":"GPijDFMLCux3KDdjPXbGlf.95","action":"GetUpdates", "result":"DeleteReceived", "context":{"id":"75cd9e2d-340c-4b75-9faa-cf6e1209b27f", "isDeleted:":"true", "version":"1712236115095"}}
{"logTime": "0422/114221", "correlationVector":"GPijDFMLCux3KDdjPXbGlf.96","action":"GetUpdates", "result":"DeleteReceived", "context":{"id":"75cbe130-2b39-437b-bd6f-1876d67b0f80", "isDeleted:":"true", "version":"1712236115096"}}
{"logTime": "0422/114221", "correlationVector":"GPijDFMLCux3KDdjPXbGlf.97","action":"GetUpdates", "result":"DeleteReceived", "context":{"id":"230917e0-82fb-4ef0-838a-bdd496e5305d", "isDeleted:":"true", "version":"1712236115097"}}
{"logTime": "0422/114221", "correlationVector":"GPijDFMLCux3KDdjPXbGlf.98","action":"GetUpdates", "result":"DeleteReceived", "context":{"id":"a37aa5b2-0b4b-4545-84b1-dca3d91654fd", "isDeleted:":"true", "version":"1712236124113"}}
{"logTime": "0422/114221", "correlationVector":"GPijDFMLCux3KDdjPXbGlf.99","action":"GetUpdates", "result":"DeleteReceived", "context":{"id":"42fdea0e-f762-41f1-9248-8cc1a4a32011", "isDeleted:":"true", "version":"1712239597957"}}
{"logTime": "0422/114221", "correlationVector":"GPijDFMLCux3KDdjPXbGlf.100","action":"GetUpdates", "result":"DeleteReceived", "context":{"id":"350099c8-f68d-4224-9ccc-f837bc28b217", "isDeleted:":"true", "version":"1712239819770"}}
{"logTime": "0422/114221", "correlationVector":"GPijDFMLCux3KDdjPXbGlf.101","action":"GetUpdates", "result":"DeleteReceived", "context":{"id":"a265fd93-cc94-4297-8643-0b09bade01f3", "isDeleted:":"true", "version":"1712240916622"}}
{"logTime": "0422/114221", "correlationVector":"GPijDFMLCux3KDdjPXbGlf.102","action":"GetUpdates", "result":"DeleteReceived", "context":{"id":"7cfcf811-c490-4f5c-a453-64e0657ab595", "isDeleted:":"true", "version":"1712259619963"}}
{"logTime": "0422/114221", "correlationVector":"GPijDFMLCux3KDdjPXbGlf.103","action":"GetUpdates", "result":"DeleteReceived", "context":{"id":"a62d76b1-c371-438e-a709-91f17b0f2fd8", "isDeleted:":"true", "version":"1712259619964"}}
{"logTime": "0422/114221", "correlationVector":"GPijDFMLCux3KDdjPXbGlf.104","action":"GetUpdates", "result":"DeleteReceived", "context":{"id":"d690047e-641f-4283-a341-0f314bd2d3f0", "isDeleted:":"true", "version":"1712259619965"}}
{"logTime": "0422/114221", "correlationVector":"GPijDFMLCux3KDdjPXbGlf.105","action":"GetUpdates", "result":"DeleteReceived", "context":{"id":"403b8389-ec2a-4eb2-b601-820c48cb662c", "isDeleted:":"true", "version":"1712259619967"}}
{"logTime": "0422/114221", "correlationVector":"GPijDFMLCux3KDdjPXbGlf.106","action":"GetUpdates", "result":"DeleteReceived", "context":{"id":"f3c58b4a-23f8-47e6-aaf0-35cde7d071d3", "isDeleted:":"true", "version":"1712259619969"}}
{"logTime": "0422/114221", "correlationVector":"GPijDFMLCux3KDdjPXbGlf.107","action":"GetUpdates", "result":"DeleteReceived", "context":{"id":"ccc8d223-b2ff-4e90-aa70-4819cee6ea30", "isDeleted:":"true", "version":"1712259650816"}}
{"logTime": "0422/114221", "correlationVector":"GPijDFMLCux3KDdjPXbGlf.108","action":"GetUpdates", "result":"DeleteReceived", "context":{"id":"ade33ab3-2d8e-4fce-a5b6-b8c38879ae94", "isDeleted:":"true", "version":"1712262729699"}}
{"logTime": "0422/114221", "correlationVector":"GPijDFMLCux3KDdjPXbGlf.109","action":"GetUpdates", "result":"DeleteReceived", "context":{"id":"3f2d197c-8a5a-4fa9-a380-8911fb8e9452", "isDeleted:":"true", "version":"1712576759144"}}
{"logTime": "0422/114221", "correlationVector":"GPijDFMLCux3KDdjPXbGlf.110","action":"GetUpdates", "result":"DeleteReceived", "context":{"id":"aada6c53-1315-4968-801d-f2a9cdd9ce55", "isDeleted:":"true", "version":"1712580106747"}}
{"logTime": "0422/114221", "correlationVector":"GPijDFMLCux3KDdjPXbGlf.111","action":"GetUpdates", "result":"DeleteReceived", "context":{"id":"76ffde97-6623-4fe1-adfb-3a6d648b12ec", "isDeleted:":"true", "version":"1712580260134"}}
{"logTime": "0422/114221", "correlationVector":"GPijDFMLCux3KDdjPXbGlf.112","action":"GetUpdates", "result":"DeleteReceived", "context":{"id":"bed86d4c-47f1-4f9b-b295-c47659cc352f", "isDeleted:":"true", "version":"1712580313219"}}
{"logTime": "0422/114221", "correlationVector":"GPijDFMLCux3KDdjPXbGlf.113","action":"GetUpdates", "result":"DeleteReceived", "context":{"id":"c6feda9d-f177-4cea-8b01-48a195bc8f0c", "isDeleted:":"true", "version":"1712581281690"}}
{"logTime": "0422/114221", "correlationVector":"GPijDFMLCux3KDdjPXbGlf.114","action":"GetUpdates", "result":"DeleteReceived", "context":{"id":"928c07a6-b22b-4e15-875a-5116991f6dff", "isDeleted:":"true", "version":"1712581281691"}}
{"logTime": "0422/114221", "correlationVector":"GPijDFMLCux3KDdjPXbGlf.115","action":"GetUpdates", "result":"DeleteReceived", "context":{"id":"87223123-7875-49ae-a9cb-eb4ce20177e9", "isDeleted:":"true", "version":"1712581572526"}}
{"logTime": "0422/114221", "correlationVector":"GPijDFMLCux3KDdjPXbGlf.116","action":"GetUpdates", "result":"DeleteReceived", "context":{"id":"64772dbe-cde0-4c6b-ab15-1b6b76cf20fa", "isDeleted:":"true", "version":"1712581610450"}}
{"logTime": "0422/114221", "correlationVector":"GPijDFMLCux3KDdjPXbGlf.117","action":"GetUpdates", "result":"DeleteReceived", "context":{"id":"d21f1a02-db46-4b84-8b89-beb8b5973013", "isDeleted:":"true", "version":"1712581643664"}}
{"logTime": "0422/114221", "correlationVector":"GPijDFMLCux3KDdjPXbGlf.118","action":"GetUpdates", "result":"DeleteReceived", "context":{"id":"81430f7b-a24f-45fc-b255-3d7db5f77913", "isDeleted:":"true", "version":"1712582822761"}}
{"logTime": "0422/114221", "correlationVector":"GPijDFMLCux3KDdjPXbGlf.119","action":"GetUpdates", "result":"DeleteReceived", "context":{"id":"49a46d04-95c2-477c-801d-2e9be7b9998f", "isDeleted:":"true", "version":"1712582822764"}}
{"logTime": "0422/114221", "correlationVector":"GPijDFMLCux3KDdjPXbGlf.120","action":"GetUpdates", "result":"DeleteReceived", "context":{"id":"163b4b91-ecbb-4f3f-8fdd-f4cf27ca7c39", "isDeleted:":"true", "version":"1712582822765"}}
{"logTime": "0422/114221", "correlationVector":"GPijDFMLCux3KDdjPXbGlf.121","action":"GetUpdates", "result":"DeleteReceived", "context":{"id":"5166f3f8-c303-4154-987b-a4d484bffcca", "isDeleted:":"true", "version":"1712584363189"}}
{"logTime": "0422/114221", "correlationVector":"GPijDFMLCux3KDdjPXbGlf.122","action":"GetUpdates", "result":"DeleteReceived", "context":{"id":"04c2a083-d2fb-4326-a519-28b3f36f7993", "isDeleted:":"true", "version":"1712584363190"}}
{"logTime": "0422/114221", "correlationVector":"GPijDFMLCux3KDdjPXbGlf.123","action":"GetUpdates", "result":"DeleteReceived", "context":{"id":"83db0736-4aac-4340-a355-0959e17faf25", "isDeleted:":"true", "version":"1712584363192"}}
{"logTime": "0422/114221", "correlationVector":"GPijDFMLCux3KDdjPXbGlf.124","action":"GetUpdates", "result":"DeleteReceived", "context":{"id":"854605fd-45e2-4963-88f8-794d43f8e3f0", "isDeleted:":"true", "version":"1712584363193"}}
{"logTime": "0422/114221", "correlationVector":"GPijDFMLCux3KDdjPXbGlf.125","action":"GetUpdates", "result":"DeleteReceived", "context":{"id":"37f90a4f-26bc-40d6-b9dc-3f1c752ca0c7", "isDeleted:":"true", "version":"1712584363194"}}
{"logTime": "0422/114221", "correlationVector":"GPijDFMLCux3KDdjPXbGlf.126","action":"GetUpdates", "result":"DeleteReceived", "context":{"id":"a7263a43-0425-48ff-88de-d4bd1efef90b", "isDeleted:":"true", "version":"1712584363195"}}
{"logTime": "0422/114221", "correlationVector":"GPijDFMLCux3KDdjPXbGlf.127","action":"GetUpdates", "result":"DeleteReceived", "context":{"id":"f454873c-deda-41ed-b9a4-661f1d6d446d", "isDeleted:":"true", "version":"1712584363196"}}
{"logTime": "0422/114221", "correlationVector":"GPijDFMLCux3KDdjPXbGlf.128","action":"GetUpdates", "result":"DeleteReceived", "context":{"id":"e4fcc075-e54a-452e-907f-b8f7be2bf344", "isDeleted:":"true", "version":"1712584363197"}}
{"logTime": "0422/114221", "correlationVector":"GPijDFMLCux3KDdjPXbGlf.129","action":"GetUpdates", "result":"DeleteReceived", "context":{"id":"6dea703e-d468-464f-9380-1b812feaeeb9", "isDeleted:":"true", "version":"1712584363198"}}
{"logTime": "0422/114221", "correlationVector":"GPijDFMLCux3KDdjPXbGlf.130","action":"GetUpdates", "result":"DeleteReceived", "context":{"id":"400f99ba-bf71-49fb-bbfd-7bf3365b635b", "isDeleted:":"true", "version":"1712584363199"}}
{"logTime": "0422/114221", "correlationVector":"GPijDFMLCux3KDdjPXbGlf.131","action":"GetUpdates", "result":"DeleteReceived", "context":{"id":"a2405d58-c1dc-42dc-a0e2-f59751226176", "isDeleted:":"true", "version":"1712584363200"}}
{"logTime": "0422/114221", "correlationVector":"GPijDFMLCux3KDdjPXbGlf.132","action":"GetUpdates", "result":"DeleteReceived", "context":{"id":"ea6a14ed-642b-405a-880a-d3a8345a6db8", "isDeleted:":"true", "version":"1712584363201"}}
{"logTime": "0422/114221", "correlationVector":"GPijDFMLCux3KDdjPXbGlf.133","action":"GetUpdates", "result":"DeleteReceived", "context":{"id":"cb1e2765-9fd4-4bc4-b43b-930799224949", "isDeleted:":"true", "version":"1712584363202"}}
{"logTime": "0422/114221", "correlationVector":"GPijDFMLCux3KDdjPXbGlf.134","action":"GetUpdates", "result":"DeleteReceived", "context":{"id":"3146e619-8174-4f02-addf-26b92696d5b4", "isDeleted:":"true", "version":"1712587721647"}}
{"logTime": "0422/114221", "correlationVector":"GPijDFMLCux3KDdjPXbGlf.135","action":"GetUpdates", "result":"DeleteReceived", "context":{"id":"e090847d-32af-4d27-8c5b-bdcfac735f94", "isDeleted:":"true", "version":"1712588415952"}}
{"logTime": "0422/114221", "correlationVector":"GPijDFMLCux3KDdjPXbGlf.136","action":"GetUpdates", "result":"DeleteReceived", "context":{"id":"94116ec0-aaac-4ebf-9ce3-0862bb3f5a83", "isDeleted:":"true", "version":"1712588415954"}}
{"logTime": "0422/114221", "correlationVector":"GPijDFMLCux3KDdjPXbGlf.137","action":"GetUpdates", "result":"DeleteReceived", "context":{"id":"07485a0f-2352-459c-aa15-bea23492b2ef", "isDeleted:":"true", "version":"1712588415955"}}
{"logTime": "0422/114221", "correlationVector":"GPijDFMLCux3KDdjPXbGlf.138","action":"GetUpdates", "result":"DeleteReceived", "context":{"id":"7b5e4b74-585b-4261-bc16-61eff22e74fb", "isDeleted:":"true", "version":"1712588415956"}}
{"logTime": "0422/114221", "correlationVector":"GPijDFMLCux3KDdjPXbGlf.139","action":"GetUpdates", "result":"DeleteReceived", "context":{"id":"83249691-0a2e-428e-ad95-fcd0ec22033c", "isDeleted:":"true", "version":"1712588415957"}}
{"logTime": "0422/114221", "correlationVector":"GPijDFMLCux3KDdjPXbGlf.140","action":"GetUpdates", "result":"DeleteReceived", "context":{"id":"05e2d90e-e710-43df-92c1-fe6eab9b8192", "isDeleted:":"true", "version":"1712588415958"}}
{"logTime": "0422/114221", "correlationVector":"GPijDFMLCux3KDdjPXbGlf.141","action":"GetUpdates", "result":"DeleteReceived", "context":{"id":"8257f5f0-6870-4515-96b8-c0e16991d6a7", "isDeleted:":"true", "version":"1712588415959"}}
{"logTime": "0422/114221", "correlationVector":"GPijDFMLCux3KDdjPXbGlf.142","action":"GetUpdates", "result":"DeleteReceived", "context":{"id":"df91c070-ff46-4b57-9eb9-539d0d3f1bc6", "isDeleted:":"true", "version":"1712613301524"}}
{"logTime": "0422/114221", "correlationVector":"GPijDFMLCux3KDdjPXbGlf.143","action":"GetUpdates", "result":"DeleteReceived", "context":{"id":"903aa182-e098-4f13-aff6-b5185f6fcba3", "isDeleted:":"true", "version":"1712657889721"}}
{"logTime": "0422/114221", "correlationVector":"GPijDFMLCux3KDdjPXbGlf.144","action":"GetUpdates", "result":"DeleteReceived", "context":{"id":"c77843e7-e94b-4de1-b6b2-bb3a0b5d473c", "isDeleted:":"true", "version":"1712658577203"}}
{"logTime": "0422/114221", "correlationVector":"GPijDFMLCux3KDdjPXbGlf.145","action":"GetUpdates", "result":"DeleteReceived", "context":{"id":"7d87865c-d4bb-486b-abcd-40d9dd629dbb", "isDeleted:":"true", "version":"1712658577205"}}
{"logTime": "0422/114221", "correlationVector":"GPijDFMLCux3KDdjPXbGlf.146","action":"GetUpdates", "result":"DeleteReceived", "context":{"id":"78626fa1-d984-4dd3-9553-c613766ee331", "isDeleted:":"true", "version":"1712658577206"}}
{"logTime": "0422/114221", "correlationVector":"GPijDFMLCux3KDdjPXbGlf.147","action":"GetUpdates", "result":"DeleteReceived", "context":{"id":"bcab7784-17fc-4977-a12e-dc328dd91304", "isDeleted:":"true", "version":"1712663215271"}}
{"logTime": "0422/114221", "correlationVector":"GPijDFMLCux3KDdjPXbGlf.148","action":"GetUpdates", "result":"DeleteReceived", "context":{"id":"96ee2360-8a04-489e-a7f8-39dd7080cc42", "isDeleted:":"true", "version":"1712666824998"}}
{"logTime": "0422/114221", "correlationVector":"GPijDFMLCux3KDdjPXbGlf.149","action":"GetUpdates", "result":"DeleteReceived", "context":{"id":"01436f47-3b6a-410f-b099-9923339e708e", "isDeleted:":"true", "version":"1712674202344"}}
{"logTime": "0422/114221", "correlationVector":"GPijDFMLCux3KDdjPXbGlf.150","action":"GetUpdates", "result":"DeleteReceived", "context":{"id":"0f80daa2-03ff-4d2b-8733-43bcc556fbfe", "isDeleted:":"true", "version":"1712679316284"}}
{"logTime": "0422/114221", "correlationVector":"GPijDFMLCux3KDdjPXbGlf.151","action":"GetUpdates", "result":"DeleteReceived", "context":{"id":"07730140-6a76-46fd-ab3f-de14629ca1ae", "isDeleted:":"true", "version":"1712679347957"}}
{"logTime": "0422/114221", "correlationVector":"GPijDFMLCux3KDdjPXbGlf.152","action":"GetUpdates", "result":"DeleteReceived", "context":{"id":"283006ab-da92-44de-be82-01d81b780049", "isDeleted:":"true", "version":"1713041083401"}}
{"logTime": "0422/114221", "correlationVector":"GPijDFMLCux3KDdjPXbGlf.153","action":"GetUpdates", "result":"DeleteReceived", "context":{"id":"c525be4e-8843-4f32-857a-9469a7bfa2b3", "isDeleted:":"true", "version":"1713041083403"}}
{"logTime": "0422/114221", "correlationVector":"GPijDFMLCux3KDdjPXbGlf.154","action":"GetUpdates", "result":"DeleteReceived", "context":{"id":"3a64ce56-83c3-40ab-908c-de83d9cfa591", "isDeleted:":"true", "version":"1713041083404"}}
{"logTime": "0422/114221", "correlationVector":"GPijDFMLCux3KDdjPXbGlf.155","action":"GetUpdates", "result":"DeleteReceived", "context":{"id":"187d8fc5-5d17-485e-a721-44aecb0933d7", "isDeleted:":"true", "version":"1713041083405"}}
{"logTime": "0422/114221", "correlationVector":"GPijDFMLCux3KDdjPXbGlf.156","action":"GetUpdates", "result":"DeleteReceived", "context":{"id":"42da82ae-20e2-40d3-9ced-9189a107f871", "isDeleted:":"true", "version":"1713041083407"}}
{"logTime": "0422/114221", "correlationVector":"GPijDFMLCux3KDdjPXbGlf.157","action":"GetUpdates", "result":"DeleteReceived", "context":{"id":"a2d310c0-cb1a-4eb8-9922-ce8c1c8a2f46", "isDeleted:":"true", "version":"1713041083408"}}
{"logTime": "0422/114221", "correlationVector":"GPijDFMLCux3KDdjPXbGlf.158","action":"GetUpdates", "result":"DeleteReceived", "context":{"id":"e8ddb3f1-dbf9-4be6-a7de-474c57932c3e", "isDeleted:":"true", "version":"1713094852482"}}
{"logTime": "0422/114221", "correlationVector":"GPijDFMLCux3KDdjPXbGlf.159","action":"GetUpdates", "result":"DeleteReceived", "context":{"id":"5baa4d80-183c-416a-8719-641653a62d4a", "isDeleted:":"true", "version":"1713177850769"}}
{"logTime": "0422/114221", "correlationVector":"GPijDFMLCux3KDdjPXbGlf.160","action":"GetUpdates", "result":"DeleteReceived", "context":{"id":"96352eb7-51fd-4d69-8cd0-1571284167ba", "isDeleted:":"true", "version":"1713290861492"}}
{"logTime": "0422/114221", "correlationVector":"GPijDFMLCux3KDdjPXbGlf.161","action":"GetUpdates", "result":"DeleteReceived", "context":{"id":"b643dcd8-48ad-4f52-8aa1-30a1b06de950", "isDeleted:":"true", "version":"1713290861494"}}
{"logTime": "0422/114221", "correlationVector":"GPijDFMLCux3KDdjPXbGlf.162","action":"GetUpdates", "result":"DeleteReceived", "context":{"id":"0e023d92-21e3-4ee6-9542-2ab18fd4232c", "isDeleted:":"true", "version":"1713290861495"}}
{"logTime": "0422/114221", "correlationVector":"GPijDFMLCux3KDdjPXbGlf.163","action":"GetUpdates", "result":"DeleteReceived", "context":{"id":"b3f0db11-5ccd-44df-b89b-3ee56f67c67c", "isDeleted:":"true", "version":"1713295734220"}}
{"logTime": "0422/114221", "correlationVector":"GPijDFMLCux3KDdjPXbGlf.164","action":"GetUpdates", "result":"DeleteReceived", "context":{"id":"3f67a52f-a665-42d3-a383-a2cab8ae293f", "isDeleted:":"true", "version":"1713296641489"}}
{"logTime": "0422/114221", "correlationVector":"GPijDFMLCux3KDdjPXbGlf.165","action":"GetUpdates", "result":"DeleteReceived", "context":{"id":"00151c42-07de-48ce-a73b-373282b8c75a", "isDeleted:":"true", "version":"1713306538853"}}
{"logTime": "0422/114221", "correlationVector":"GPijDFMLCux3KDdjPXbGlf.166","action":"GetUpdates", "result":"DeleteReceived", "context":{"id":"44987026-fa6b-47b1-9ed7-7eb196cf9a42", "isDeleted:":"true", "version":"1713306538854"}}
{"logTime": "0422/114221", "correlationVector":"GPijDFMLCux3KDdjPXbGlf.167","action":"GetUpdates", "result":"DeleteReceived", "context":{"id":"a5b4779b-f1fd-403b-a8c6-f545eff26b7d", "isDeleted:":"true", "version":"1713306538855"}}
{"logTime": "0422/114221", "correlationVector":"GPijDFMLCux3KDdjPXbGlf.168","action":"GetUpdates", "result":"DeleteReceived", "context":{"id":"5ae7b985-e74c-4f66-88de-2dc7e72952e5", "isDeleted:":"true", "version":"1713306538856"}}
{"logTime": "0422/114221", "correlationVector":"GPijDFMLCux3KDdjPXbGlf.169","action":"GetUpdates", "result":"DeleteReceived", "context":{"id":"a6f18ed8-217c-4f58-b518-b69c18ddd3e1", "isDeleted:":"true", "version":"1713306538857"}}
{"logTime": "0422/114221", "correlationVector":"GPijDFMLCux3KDdjPXbGlf.170","action":"GetUpdates", "result":"DeleteReceived", "context":{"id":"2cb311a7-c937-44a5-a0b7-257022ce2a20", "isDeleted:":"true", "version":"1713306538859"}}
{"logTime": "0422/114221", "correlationVector":"GPijDFMLCux3KDdjPXbGlf.171","action":"GetUpdates", "result":"DeleteReceived", "context":{"id":"3661cd00-9ef2-4b6e-9e73-6857c5298a3a", "isDeleted:":"true", "version":"1713306538861"}}
{"logTime": "0422/114221", "correlationVector":"GPijDFMLCux3KDdjPXbGlf.172","action":"GetUpdates", "result":"DeleteReceived", "context":{"id":"4e736927-2614-4386-aa8d-e69755a9166c", "isDeleted:":"true", "version":"1713306572204"}}
{"logTime": "0422/114221", "correlationVector":"GPijDFMLCux3KDdjPXbGlf.173","action":"GetUpdates", "result":"DeleteReceived", "context":{"id":"0b3184a7-49af-478d-bea1-3be93b0557b0", "isDeleted:":"true", "version":"1713306572205"}}
{"logTime": "0422/114221", "correlationVector":"GPijDFMLCux3KDdjPXbGlf.174","action":"GetUpdates", "result":"DeleteReceived", "context":{"id":"84cdb2a4-c81b-4f0e-89d0-dee6584ba5e5", "isDeleted:":"true", "version":"1713306572206"}}
{"logTime": "0422/114221", "correlationVector":"GPijDFMLCux3KDdjPXbGlf.175","action":"GetUpdates", "result":"DeleteReceived", "context":{"id":"000916cc-b37d-45b8-b1d9-66060939c832", "isDeleted:":"true", "version":"1713306572210"}}
{"logTime": "0422/114221", "correlationVector":"GPijDFMLCux3KDdjPXbGlf.176","action":"GetUpdates", "result":"DeleteReceived", "context":{"id":"f61bedf4-8654-4701-a5e1-d5f08ced91f1", "isDeleted:":"true", "version":"1713310453131"}}
{"logTime": "0422/114221", "correlationVector":"GPijDFMLCux3KDdjPXbGlf.177","action":"GetUpdates", "result":"DeleteReceived", "context":{"id":"1de08d07-9782-4e49-8d0b-85e09b972d48", "isDeleted:":"true", "version":"1713310453132"}}
{"logTime": "0422/114221", "correlationVector":"GPijDFMLCux3KDdjPXbGlf.178","action":"GetUpdates", "result":"DeleteReceived", "context":{"id":"e6958722-d595-4d50-ab49-f96ced911ca3", "isDeleted:":"true", "version":"1713310453134"}}
{"logTime": "0422/114221", "correlationVector":"GPijDFMLCux3KDdjPXbGlf.179","action":"GetUpdates", "result":"DeleteReceived", "context":{"id":"6183a098-3118-49a4-af36-784cb45373e2", "isDeleted:":"true", "version":"1713310453135"}}
{"logTime": "0422/114221", "correlationVector":"GPijDFMLCux3KDdjPXbGlf.180","action":"GetUpdates", "result":"DeleteReceived", "context":{"id":"2fd81438-25d0-48b1-b83a-dee5b222e36b", "isDeleted:":"true", "version":"1713310453136"}}
{"logTime": "0422/114221", "correlationVector":"GPijDFMLCux3KDdjPXbGlf.181","action":"GetUpdates", "result":"DeleteReceived", "context":{"id":"91c2b1dd-ac46-48c2-a620-97b90f7a2c5f", "isDeleted:":"true", "version":"1713310453137"}}
{"logTime": "0422/114221", "correlationVector":"GPijDFMLCux3KDdjPXbGlf.182","action":"GetUpdates", "result":"DeleteReceived", "context":{"id":"84c9250c-7b21-4ce7-838a-cf38e3ed6d66", "isDeleted:":"true", "version":"1713310453138"}}
{"logTime": "0422/114221", "correlationVector":"GPijDFMLCux3KDdjPXbGlf.183","action":"GetUpdates", "result":"DeleteReceived", "context":{"id":"038c3c11-55c9-4532-b623-a8a14981ecbe", "isDeleted:":"true", "version":"1713310453139"}}
{"logTime": "0422/114221", "correlationVector":"GPijDFMLCux3KDdjPXbGlf.184","action":"GetUpdates", "result":"DeleteReceived", "context":{"id":"32254efb-d535-484e-820b-ef7d40cc44ec", "isDeleted:":"true", "version":"1713310453140"}}
{"logTime": "0422/114221", "correlationVector":"GPijDFMLCux3KDdjPXbGlf.185","action":"GetUpdates", "result":"DeleteReceived", "context":{"id":"6dbb55b5-9e5a-4581-9860-91aea886d1f8", "isDeleted:":"true", "version":"1713310453141"}}
{"logTime": "0422/114221", "correlationVector":"GPijDFMLCux3KDdjPXbGlf.186","action":"GetUpdates", "result":"DeleteReceived", "context":{"id":"54b168b5-a4f3-43e6-9fbd-f105c220d5af", "isDeleted:":"true", "version":"1713310453142"}}
{"logTime": "0422/114221", "correlationVector":"GPijDFMLCux3KDdjPXbGlf.187","action":"GetUpdates", "result":"DeleteReceived", "context":{"id":"8de20b03-6d9e-4d60-9126-2528806ba6ec", "isDeleted:":"true", "version":"1713382211123"}}
{"logTime": "0422/114221", "correlationVector":"GPijDFMLCux3KDdjPXbGlf.188","action":"GetUpdates", "result":"DeleteReceived", "context":{"id":"2be65ee2-24aa-4294-a6aa-4ae1f8b0b546", "isDeleted:":"true", "version":"1713384093901"}}
{"logTime": "0422/114221", "correlationVector":"GPijDFMLCux3KDdjPXbGlf.189","action":"GetUpdates", "result":"DeleteReceived", "context":{"id":"250da5cc-2d44-425f-8685-bd3bcc79e475", "isDeleted:":"true", "version":"1713384093902"}}
{"logTime": "0422/114221", "correlationVector":"GPijDFMLCux3KDdjPXbGlf.190","action":"GetUpdates", "result":"DeleteReceived", "context":{"id":"97455dd3-49a1-4bb8-a290-d8aaffb89978", "isDeleted:":"true", "version":"1713384093903"}}
{"logTime": "0422/114221", "correlationVector":"GPijDFMLCux3KDdjPXbGlf.191","action":"GetUpdates", "result":"DeleteReceived", "context":{"id":"782b525d-f2ac-48b2-aaf4-183da1a517b3", "isDeleted:":"true", "version":"1713385157493"}}
{"logTime": "0422/114221", "correlationVector":"GPijDFMLCux3KDdjPXbGlf.192","action":"GetUpdates", "result":"DeleteReceived", "context":{"id":"095f175f-b5f7-49eb-9840-aa2eae09bff3", "isDeleted:":"true", "version":"1713385157494"}}
{"logTime": "0422/114221", "correlationVector":"GPijDFMLCux3KDdjPXbGlf.193","action":"GetUpdates", "result":"DeleteReceived", "context":{"id":"848955bc-b810-4eb4-9044-4a130e55eb4d", "isDeleted:":"true", "version":"1713387343247"}}
{"logTime": "0422/114221", "correlationVector":"GPijDFMLCux3KDdjPXbGlf.194","action":"GetUpdates", "result":"DeleteReceived", "context":{"id":"66a2e604-5c3a-4abe-b6fa-d60d1a1c5d87", "isDeleted:":"true", "version":"1713388104645"}}
{"logTime": "0422/114221", "correlationVector":"GPijDFMLCux3KDdjPXbGlf.195","action":"GetUpdates", "result":"DeleteReceived", "context":{"id":"4dfde227-1de6-4be7-adfd-9e31a66667fd", "isDeleted:":"true", "version":"1713398368934"}}
{"logTime": "0422/114221", "correlationVector":"GPijDFMLCux3KDdjPXbGlf.196","action":"GetUpdates", "result":"DeleteReceived", "context":{"id":"3ded2587-307f-40b3-b357-a95273c41180", "isDeleted:":"true", "version":"1713400029980"}}
{"logTime": "0422/114221", "correlationVector":"GPijDFMLCux3KDdjPXbGlf.197","action":"GetUpdates", "result":"DeleteReceived", "context":{"id":"53dfdb4f-c4c0-4de1-9f3a-980ae1112649", "isDeleted:":"true", "version":"1713400029981"}}
{"logTime": "0422/114221", "correlationVector":"GPijDFMLCux3KDdjPXbGlf.198","action":"GetUpdates", "result":"DeleteReceived", "context":{"id":"339e842a-652f-4e81-b52a-ca466a8077c6", "isDeleted:":"true", "version":"1713400183492"}}
{"logTime": "0422/114221", "correlationVector":"GPijDFMLCux3KDdjPXbGlf.199","action":"GetUpdates", "result":"DeleteReceived", "context":{"id":"9925118a-176c-4ccc-82d0-c7a66bb270b1", "isDeleted:":"true", "version":"1713400183493"}}
{"logTime": "0422/114221", "correlationVector":"GPijDFMLCux3KDdjPXbGlf.200","action":"GetUpdates", "result":"DeleteReceived", "context":{"id":"dbbe8dba-1716-4e7c-973a-31d543044a33", "isDeleted:":"true", "version":"1713400183495"}}
{"logTime": "0422/114221", "correlationVector":"GPijDFMLCux3KDdjPXbGlf.201","action":"GetUpdates", "result":"DeleteReceived", "context":{"id":"59099e36-9bde-4f0d-bc6e-7c69265cd301", "isDeleted:":"true", "version":"1713400183496"}}
{"logTime": "0422/114221", "correlationVector":"GPijDFMLCux3KDdjPXbGlf.202","action":"GetUpdates", "result":"DeleteReceived", "context":{"id":"6204cc6d-b59d-4c9e-8065-93b59ba4225c", "isDeleted:":"true", "version":"1713400183497"}}
{"logTime": "0422/114221", "correlationVector":"GPijDFMLCux3KDdjPXbGlf.203","action":"GetUpdates", "result":"DeleteReceived", "context":{"id":"c31b520a-b8d3-4e5f-8ba4-c6d0d800d7e4", "isDeleted:":"true", "version":"1713400183498"}}
{"logTime": "0422/114221", "correlationVector":"GPijDFMLCux3KDdjPXbGlf.204","action":"GetUpdates", "result":"DeleteReceived", "context":{"id":"0a63b2c3-347f-458a-88bd-73714fc5f4a2", "isDeleted:":"true", "version":"1713400183499"}}
{"logTime": "0422/114221", "correlationVector":"GPijDFMLCux3KDdjPXbGlf.205","action":"GetUpdates", "result":"DeleteReceived", "context":{"id":"8e347ebe-492e-4a7e-97ec-fc71123e3db4", "isDeleted:":"true", "version":"1713400183500"}}
{"logTime": "0422/114221", "correlationVector":"GPijDFMLCux3KDdjPXbGlf.206","action":"GetUpdates", "result":"DeleteReceived", "context":{"id":"e9cc8459-7362-4a09-bf07-3c41635751e8", "isDeleted:":"true", "version":"1713400183501"}}
{"logTime": "0422/114221", "correlationVector":"GPijDFMLCux3KDdjPXbGlf.207","action":"GetUpdates", "result":"DeleteReceived", "context":{"id":"c540a5c5-6603-4f07-b3b2-6f4e9775fa67", "isDeleted:":"true", "version":"1713400183502"}}
{"logTime": "0422/114221", "correlationVector":"GPijDFMLCux3KDdjPXbGlf.208","action":"GetUpdates", "result":"DeleteReceived", "context":{"id":"2a3c9aee-fa50-466b-9597-647b6e6ddde1", "isDeleted:":"true", "version":"1713400183503"}}
{"logTime": "0422/114221", "correlationVector":"GPijDFMLCux3KDdjPXbGlf.209","action":"GetUpdates", "result":"DeleteReceived", "context":{"id":"fd251e67-3512-4050-b407-fcdcbf53c4be", "isDeleted:":"true", "version":"1713419803276"}}
{"logTime": "0422/114221", "correlationVector":"GPijDFMLCux3KDdjPXbGlf.210","action":"GetUpdates", "result":"DeleteReceived", "context":{"id":"9911a583-c67a-4c4d-9740-7b9712e77bb4", "isDeleted:":"true", "version":"1713419803278"}}
{"logTime": "0422/114221", "correlationVector":"GPijDFMLCux3KDdjPXbGlf.211","action":"GetUpdates", "result":"DeleteReceived", "context":{"id":"0e8ccc10-a979-46ff-8c5c-f713634e4522", "isDeleted:":"true", "version":"1713560146211"}}
{"logTime": "0422/114221", "correlationVector":"GPijDFMLCux3KDdjPXbGlf.212","action":"GetUpdates", "result":"DeleteReceived", "context":{"id":"d1fdb365-f39e-49b4-ad15-d8d9c33c68d4", "isDeleted:":"true", "version":"1713560146212"}}
{"logTime": "0422/114221", "correlationVector":"GPijDFMLCux3KDdjPXbGlf.213","action":"GetUpdates", "result":"DeleteReceived", "context":{"id":"1ec63bb2-52c6-40c4-9198-afed64dc9df7", "isDeleted:":"true", "version":"1713560532212"}}
{"logTime": "0422/114221", "correlationVector":"GPijDFMLCux3KDdjPXbGlf.214","action":"GetUpdates", "result":"DeleteReceived", "context":{"id":"4a0d319d-343e-4d07-afca-fa57286c16e8", "isDeleted:":"true", "version":"1713560891295"}}
{"logTime": "0422/114221", "correlationVector":"GPijDFMLCux3KDdjPXbGlf.215","action":"GetUpdates", "result":"DeleteReceived", "context":{"id":"7dd33216-22cd-4680-a99d-9221c401004c", "isDeleted:":"true", "version":"1713562569694"}}
{"logTime": "0422/114221", "correlationVector":"GPijDFMLCux3KDdjPXbGlf.216","action":"GetUpdates", "result":"DeleteReceived", "context":{"id":"e85ffce7-9aa1-44ff-8911-91de3df214fc", "isDeleted:":"true", "version":"1713562569695"}}
{"logTime": "0422/114221", "correlationVector":"GPijDFMLCux3KDdjPXbGlf.217","action":"GetUpdates", "result":"DeleteReceived", "context":{"id":"b964058b-ef06-45c7-bc4e-912c51114bca", "isDeleted:":"true", "version":"1713562569697"}}
{"logTime": "0422/114221", "correlationVector":"GPijDFMLCux3KDdjPXbGlf.218","action":"GetUpdates", "result":"DeleteReceived", "context":{"id":"64415775-426d-4a0e-a203-45f772b7dfc7", "isDeleted:":"true", "version":"1713562569698"}}
{"logTime": "0422/114221", "correlationVector":"GPijDFMLCux3KDdjPXbGlf.219","action":"GetUpdates", "result":"DeleteReceived", "context":{"id":"e0d05fb1-919f-4106-9354-36d0f4ad82c9", "isDeleted:":"true", "version":"1713562950309"}}
{"logTime": "0422/114221", "correlationVector":"GPijDFMLCux3KDdjPXbGlf.220","action":"GetUpdates", "result":"DeleteReceived", "context":{"id":"b76b80dc-ec6d-4f51-8e84-2deeb12fd2f9", "isDeleted:":"true", "version":"1713564693229"}}
{"logTime": "0422/114221", "correlationVector":"GPijDFMLCux3KDdjPXbGlf.221","action":"GetUpdates", "result":"DeleteReceived", "context":{"id":"5a91bbb2-fff1-4278-9d57-7a20d2f754fb", "isDeleted:":"true", "version":"1713648244023"}}
{"logTime": "0422/114221", "correlationVector":"GPijDFMLCux3KDdjPXbGlf.222","action":"GetUpdates", "result":"DeleteReceived", "context":{"id":"42739c11-2c52-43e4-8d6c-a3fb87ed1377", "isDeleted:":"true", "version":"1713648244024"}}
{"logTime": "0422/114221", "correlationVector":"GPijDFMLCux3KDdjPXbGlf.223","action":"GetUpdates", "result":"DeleteReceived", "context":{"id":"8a7e45c6-ddb3-41d2-af5c-36c6ed55ec27", "isDeleted:":"true", "version":"1713648244025"}}
{"logTime": "0422/114221", "correlationVector":"GPijDFMLCux3KDdjPXbGlf.224","action":"GetUpdates", "result":"DeleteReceived", "context":{"id":"63523d5b-363e-42ea-97b0-00058eea359d", "isDeleted:":"true", "version":"1713648244026"}}
{"logTime": "0422/114221", "correlationVector":"GPijDFMLCux3KDdjPXbGlf.225","action":"GetUpdates", "result":"DeleteReceived", "context":{"id":"71331f6f-faf8-4168-be6c-fdfb3e226220", "isDeleted:":"true", "version":"1713648244027"}}
{"logTime": "0422/114221", "correlationVector":"GPijDFMLCux3KDdjPXbGlf.226","action":"GetUpdates", "result":"DeleteReceived", "context":{"id":"862c5206-6440-45f7-8760-e0572bddd6af", "isDeleted:":"true", "version":"1713648244028"}}
{"logTime": "0422/114221", "correlationVector":"GPijDFMLCux3KDdjPXbGlf.227","action":"GetUpdates", "result":"DeleteReceived", "context":{"id":"209e3c88-1b5e-4bac-911b-3d84778bad82", "isDeleted:":"true", "version":"1713648244029"}}
{"logTime": "0422/114221", "correlationVector":"GPijDFMLCux3KDdjPXbGlf.228","action":"GetUpdates", "result":"DeleteReceived", "context":{"id":"6a86e277-320d-4598-b08a-c2f88269cc50", "isDeleted:":"true", "version":"1713648429830"}}
{"logTime": "0422/114221", "correlationVector":"GPijDFMLCux3KDdjPXbGlf.229","action":"GetUpdates", "result":"DeleteReceived", "context":{"id":"d512d3e3-00dc-4396-a6b5-2155dec71db2", "isDeleted:":"true", "version":"1713659344213"}}
{"logTime": "0422/114221", "correlationVector":"GPijDFMLCux3KDdjPXbGlf.230","action":"GetUpdates", "result":"DeleteReceived", "context":{"id":"8c4cdb4b-0ead-461a-9710-675c3da3d5d0", "isDeleted:":"true", "version":"1713659344214"}}
{"logTime": "0422/114221", "correlationVector":"GPijDFMLCux3KDdjPXbGlf.231","action":"GetUpdates", "result":"DeleteReceived", "context":{"id":"0714cc9f-9b3c-4a1d-81b4-30aaa1021a70", "isDeleted:":"true", "version":"1713701384299"}}
{"logTime": "0422/114221", "correlationVector":"GPijDFMLCux3KDdjPXbGlf.232","action":"GetUpdates", "result":"DeleteReceived", "context":{"id":"6c1e046f-7e5f-4455-a79b-9ef8f37a5d6f", "isDeleted:":"true", "version":"1713702067554"}}
{"logTime": "0422/114221", "correlationVector":"GPijDFMLCux3KDdjPXbGlf.233","action":"GetUpdates", "result":"DeleteReceived", "context":{"id":"94344f3a-8a77-479c-8610-b4e8f352d16c", "isDeleted:":"true", "version":"1713702685227"}}
{"logTime": "0422/114221", "correlationVector":"GPijDFMLCux3KDdjPXbGlf.234","action":"GetUpdates", "result":"DeleteReceived", "context":{"id":"6688b193-b1e6-4f54-a2c1-6d0c9176b361", "isDeleted:":"true", "version":"1713702685228"}}
{"logTime": "0422/114221", "correlationVector":"GPijDFMLCux3KDdjPXbGlf.235","action":"GetUpdates", "result":"DeleteReceived", "context":{"id":"5a27c681-d6ca-43a6-972b-610d4b9063df", "isDeleted:":"true", "version":"1713702685230"}}
{"logTime": "0422/114221", "correlationVector":"GPijDFMLCux3KDdjPXbGlf.236","action":"GetUpdates", "result":"DeleteReceived", "context":{"id":"7daa4b96-eb96-4dd4-8adc-795388167edb", "isDeleted:":"true", "version":"1713702947996"}}
{"logTime": "0422/114221", "correlationVector":"GPijDFMLCux3KDdjPXbGlf.237","action":"GetUpdates", "result":"DeleteReceived", "context":{"id":"9e70132a-be76-48e3-83a2-88ff4ed147c7", "isDeleted:":"true", "version":"1713702947998"}}
{"logTime": "0422/114221", "correlationVector":"GPijDFMLCux3KDdjPXbGlf.238","action":"GetUpdates Response", "result":"Success", "context":Received 250 update(s). cV=GPijDFMLCux3KDdjPXbGlf.0;server=GENERAL0100001A;cloudType=Consumer;environment=Prod_NorthEurope_000h;migrationStage=NotStarted Some updates remain.}
{"logTime": "0422/114221", "correlationVector":"ux27y39qFpYSaNMPaPYdvn","action":"Initial GetUpdates", "result":"", "context":Reason: NEWLY_SUPPORTED_DATATYPE. cV=ux27y39qFpYSaNMPaPYdvn}
{"logTime": "0422/114221", "correlationVector":"ux27y39qFpYSaNMPaPYdvn.1","action":"SyncServerConnectionManagerRequest", "result":"SYNC_SERVER_OK", "context":{"environment":"Prod_WestEurope_x00e", "migrationStage":"NotStarted", "server":"GENERAL02000031"}}
{"logTime": "0422/114221", "correlationVector":"ux27y39qFpYSaNMPaPYdvn.2","action":"GetUpdates", "result":"DeleteReceived", "context":{"id":"2c9434bd-f654-42e8-980e-01649b934fd5", "isDeleted:":"true", "version":"1713702984702"}}
{"logTime": "0422/114221", "correlationVector":"ux27y39qFpYSaNMPaPYdvn.3","action":"GetUpdates", "result":"DeleteReceived", "context":{"id":"c5f38154-5e64-4d37-b74f-6ff86fa2d279", "isDeleted:":"true", "version":"1713718502209"}}
{"logTime": "0422/114221", "correlationVector":"ux27y39qFpYSaNMPaPYdvn.4","action":"GetUpdates", "result":"DeleteReceived", "context":{"id":"6316fd74-8d01-4833-ac5a-41fcdda46c03", "isDeleted:":"true", "version":"1713725146814"}}
{"logTime": "0422/114221", "correlationVector":"ux27y39qFpYSaNMPaPYdvn.5","action":"GetUpdates", "result":"DeleteReceived", "context":{"id":"7277274a-f9c7-4a4f-90fe-442f670a59c4", "isDeleted:":"true", "version":"1713725146815"}}
{"logTime": "0422/114221", "correlationVector":"ux27y39qFpYSaNMPaPYdvn.6","action":"GetUpdates", "result":"DeleteReceived", "context":{"id":"2b62853e-fb57-405a-8eb6-6e7ba2cca7c8", "isDeleted:":"true", "version":"1713725146816"}}
{"logTime": "0422/114221", "correlationVector":"ux27y39qFpYSaNMPaPYdvn.7","action":"GetUpdates", "result":"DeleteReceived", "context":{"id":"95bef33d-8905-4144-8dac-b3da7c8fb8fb", "isDeleted:":"true", "version":"1713725146817"}}
{"logTime": "0422/114221", "correlationVector":"ux27y39qFpYSaNMPaPYdvn.8","action":"GetUpdates", "result":"DeleteReceived", "context":{"id":"8b5c993a-acd4-4753-bcbd-8e30134597ad", "isDeleted:":"true", "version":"1713725146819"}}
{"logTime": "0422/114221", "correlationVector":"ux27y39qFpYSaNMPaPYdvn.9","action":"GetUpdates", "result":"DeleteReceived", "context":{"id":"a9b222bf-e965-461b-b549-05701627eb0d", "isDeleted:":"true", "version":"1713725146820"}}
{"logTime": "0422/114221", "correlationVector":"ux27y39qFpYSaNMPaPYdvn.10","action":"GetUpdates", "result":"DeleteReceived", "context":{"id":"c179a2af-820b-47f2-a03d-1a1e209a2374", "isDeleted:":"true", "version":"1713725146821"}}
{"logTime": "0422/114221", "correlationVector":"ux27y39qFpYSaNMPaPYdvn.11","action":"GetUpdates", "result":"DeleteReceived", "context":{"id":"2b2e1c1a-c01d-4570-98bb-20801dc403c4", "isDeleted:":"true", "version":"1713725146822"}}
{"logTime": "0422/114221", "correlationVector":"ux27y39qFpYSaNMPaPYdvn.12","action":"GetUpdates", "result":"DeleteReceived", "context":{"id":"39c8eb76-d19f-4e17-a554-496ac1f5be78", "isDeleted:":"true", "version":"1713725146823"}}
{"logTime": "0422/114221", "correlationVector":"ux27y39qFpYSaNMPaPYdvn.13","action":"GetUpdates", "result":"DeleteReceived", "context":{"id":"9c3060c2-8aa1-44b0-91c4-c020e0e08a65", "isDeleted:":"true", "version":"1713726342093"}}
{"logTime": "0422/114221", "correlationVector":"ux27y39qFpYSaNMPaPYdvn.14","action":"GetUpdates", "result":"DeleteReceived", "context":{"id":"169f5ceb-7fad-4c88-83ff-13d147590ebd", "isDeleted:":"true", "version":"1713729999974"}}
{"logTime": "0422/114221", "correlationVector":"ux27y39qFpYSaNMPaPYdvn.15","action":"GetUpdates", "result":"DeleteReceived", "context":{"id":"9c2358fc-3eec-448f-afbb-10a6715e453d", "isDeleted:":"true", "version":"1713730838180"}}
{"logTime": "0422/114221", "correlationVector":"ux27y39qFpYSaNMPaPYdvn.16","action":"GetUpdates", "result":"DeleteReceived", "context":{"id":"51f89b06-47e2-4a2a-996c-4473f4fe5582", "isDeleted:":"true", "version":"1713730838181"}}
{"logTime": "0422/114221", "correlationVector":"ux27y39qFpYSaNMPaPYdvn.17","action":"GetUpdates", "result":"DeleteReceived", "context":{"id":"2f6c225e-03b8-42ed-9c79-b45d88c70f7d", "isDeleted:":"true", "version":"1713740367386"}}
{"logTime": "0422/114221", "correlationVector":"ux27y39qFpYSaNMPaPYdvn.18","action":"GetUpdates", "result":"DeleteReceived", "context":{"id":"51da2004-7da2-4903-92a5-d9c3dfba5c12", "isDeleted:":"true", "version":"1713786029279"}}
{"logTime": "0422/114221", "correlationVector":"ux27y39qFpYSaNMPaPYdvn.19","action":"GetUpdates", "result":"DeleteReceived", "context":{"id":"1616d237-49a6-40df-8fe1-75afbeb7fa37", "isDeleted:":"true", "version":"1713786029280"}}
{"logTime": "0422/114221", "correlationVector":"ux27y39qFpYSaNMPaPYdvn.20","action":"GetUpdates", "result":"DeleteReceived", "context":{"id":"831b12d7-1d8b-453f-8eba-4692ea684e2f", "isDeleted:":"true", "version":"1713786029281"}}
{"logTime": "0422/114221", "correlationVector":"ux27y39qFpYSaNMPaPYdvn.21","action":"GetUpdates", "result":"DeleteReceived", "context":{"id":"7d255536-ec05-4324-b0b5-be381317377d", "isDeleted:":"true", "version":"1713786029283"}}
{"logTime": "0422/114221", "correlationVector":"ux27y39qFpYSaNMPaPYdvn.22","action":"GetUpdates", "result":"DeleteReceived", "context":{"id":"8d7ede72-6b69-4a0f-a339-706f019108a8", "isDeleted:":"true", "version":"1713786029284"}}
{"logTime": "0422/114221", "correlationVector":"ux27y39qFpYSaNMPaPYdvn.23","action":"GetUpdates", "result":"DeleteReceived", "context":{"id":"6ca7c7cf-d7c5-4d8f-8e77-1fa3567a6c83", "isDeleted:":"true", "version":"1713786029285"}}
{"logTime": "0422/114221", "correlationVector":"ux27y39qFpYSaNMPaPYdvn.24","action":"GetUpdates", "result":"DeleteReceived", "context":{"id":"4dbfacdf-6141-4db5-b73d-34f73652da13", "isDeleted:":"true", "version":"1713786029286"}}
{"logTime": "0422/114221", "correlationVector":"ux27y39qFpYSaNMPaPYdvn.25","action":"GetUpdates", "result":"DeleteReceived", "context":{"id":"4665d7cf-338e-4d4b-a559-a3b10c73c48a", "isDeleted:":"true", "version":"1713786029287"}}
{"logTime": "0422/114221", "correlationVector":"ux27y39qFpYSaNMPaPYdvn.26","action":"GetUpdates", "result":"DeleteReceived", "context":{"id":"ef727872-8c37-4101-be8f-6b31765906ed", "isDeleted:":"true", "version":"1713786029288"}}
{"logTime": "0422/114221", "correlationVector":"ux27y39qFpYSaNMPaPYdvn.27","action":"GetUpdates", "result":"DeleteReceived", "context":{"id":"3eb32813-73d7-4712-a982-31991acd831e", "isDeleted:":"true", "version":"1713786029289"}}
{"logTime": "0422/114221", "correlationVector":"ux27y39qFpYSaNMPaPYdvn.28","action":"GetUpdates", "result":"DeleteReceived", "context":{"id":"dc5b7baf-7136-40ac-a990-cff8d959fd86", "isDeleted:":"true", "version":"1713786029290"}}
{"logTime": "0422/114221", "correlationVector":"ux27y39qFpYSaNMPaPYdvn.29","action":"GetUpdates", "result":"DeleteReceived", "context":{"id":"f7c8384c-b09d-4d37-9982-3f711622e8ab", "isDeleted:":"true", "version":"1713786029291"}}
{"logTime": "0422/114221", "correlationVector":"ux27y39qFpYSaNMPaPYdvn.30","action":"GetUpdates", "result":"DeleteReceived", "context":{"id":"e9d0dc1e-2db9-43c4-a744-35ce25892a27", "isDeleted:":"true", "version":"1713786029292"}}
{"logTime": "0422/114221", "correlationVector":"ux27y39qFpYSaNMPaPYdvn.31","action":"GetUpdates", "result":"DeleteReceived", "context":{"id":"c0919c86-41d1-4cf8-a967-2facffa7c2b5", "isDeleted:":"true", "version":"1713786029293"}}
{"logTime": "0422/114221", "correlationVector":"ux27y39qFpYSaNMPaPYdvn.32","action":"GetUpdates", "result":"DeleteReceived", "context":{"id":"3f19a91e-8e02-4007-bc44-245327fc3bcc", "isDeleted:":"true", "version":"1713786029294"}}
{"logTime": "0422/114221", "correlationVector":"ux27y39qFpYSaNMPaPYdvn.33","action":"GetUpdates", "result":"DeleteReceived", "context":{"id":"ae7c8685-be39-470e-aac6-e85c76f59fcf", "isDeleted:":"true", "version":"1713786029295"}}
{"logTime": "0422/114221", "correlationVector":"ux27y39qFpYSaNMPaPYdvn.34","action":"GetUpdates", "result":"DeleteReceived", "context":{"id":"30c9203b-6515-4460-9719-c940599cbe3c", "isDeleted:":"true", "version":"1713786029296"}}
{"logTime": "0422/114221", "correlationVector":"ux27y39qFpYSaNMPaPYdvn.35","action":"GetUpdates", "result":"DeleteReceived", "context":{"id":"924bacb7-aed7-4096-8e73-8f3e4041f23d", "isDeleted:":"true", "version":"1713786029297"}}
{"logTime": "0422/114221", "correlationVector":"ux27y39qFpYSaNMPaPYdvn.36","action":"GetUpdates Response", "result":"Success", "context":Received 39 update(s). cV=ux27y39qFpYSaNMPaPYdvn.0;server=GENERAL02000031;cloudType=Consumer;environment=Prod_WestEurope_x00e;migrationStage=NotStarted}
{"logTime": "0422/114221", "correlationVector":"j5JfN4++tJxh3M+xs/YQj4","action":"Normal GetUpdate request", "result":"", "context":cV=j5JfN4++tJxh3M+xs/YQj4
Nudged types: Bookmarks, Sessions, Device Info, User Consents
Refresh requested types: Bookmarks, Preferences, Passwords, Autofill Profiles, Autofill, Typed URLs, Extensions, Sessions, Extension settings, History Delete Directives, Device Info, User Consents, Send Tab To Self, Web Apps, Collection, Edge E Drop, Edge Hub App Usage, Edge Tab Group, Edge Wallet, Encryption Keys}
{"logTime": "0422/114221", "correlationVector":"j5JfN4++tJxh3M+xs/YQj4.1","action":"SyncServerConnectionManagerRequest", "result":"SYNC_SERVER_OK", "context":{"environment":"Prod_WestEurope_x00e", "migrationStage":"NotStarted", "server":"GENERAL0200000R"}}
{"logTime": "0422/114222", "correlationVector":"j5JfN4++tJxh3M+xs/YQj4.2","action":"GetUpdates Response", "result":"Success", "context":Received 0 update(s). cV=j5JfN4++tJxh3M+xs/YQj4.0;server=GENERAL0200000R;cloudType=Consumer;environment=Prod_WestEurope_x00e;migrationStage=NotStarted}
{"logTime": "0422/114222", "correlationVector":"/DOGldp29o2BDT0D/oMCf9","action":"Commit Request", "result":"", "context":Item count: 12
Contributing types: Bookmarks, Sessions, Device Info, User Consents}
